{"/home/travis/build/npmtest/node-npmtest-hjs-webpack/test.js":{"path":"/home/travis/build/npmtest/node-npmtest-hjs-webpack/test.js","s":{"1":2,"2":2,"3":2,"4":2,"5":2,"6":2,"7":2,"8":1,"9":2,"10":2,"11":1,"12":1,"13":1,"14":1,"15":2,"16":2,"17":2,"18":2,"19":1,"20":1,"21":2,"22":2,"23":2,"24":1,"25":1,"26":1,"27":1,"28":1,"29":1,"30":1,"31":1,"32":1,"33":1,"34":1,"35":1,"36":1,"37":1,"38":1,"39":2,"40":2,"41":1,"42":2,"43":2,"44":1,"45":2,"46":2,"47":1,"48":2,"49":2,"50":1,"51":1,"52":1,"53":1,"54":1},"b":{"1":[2,1,1,1],"2":[1,1,1,1],"3":[1,1],"4":[1,1],"5":[1,1],"6":[1,1],"7":[1,1],"8":[1,1],"9":[1,1],"10":[1,1,1],"11":[1,1],"12":[1,1],"13":[1,1],"14":[1,1],"15":[1,1],"16":[1,1],"17":[1,1]},"f":{"1":2,"2":2,"3":2,"4":2,"5":2,"6":1,"7":1,"8":1,"9":2,"10":2,"11":2,"12":2,"13":1},"fnMap":{"1":{"name":"(anonymous_1)","line":12,"loc":{"start":{"line":12,"column":1},"end":{"line":12,"column":13}}},"2":{"name":"(anonymous_2)","line":19,"loc":{"start":{"line":19,"column":5},"end":{"line":19,"column":17}}},"3":{"name":"(anonymous_3)","line":23,"loc":{"start":{"line":23,"column":24},"end":{"line":23,"column":36}}},"4":{"name":"(anonymous_4)","line":61,"loc":{"start":{"line":61,"column":5},"end":{"line":61,"column":17}}},"5":{"name":"(anonymous_5)","line":82,"loc":{"start":{"line":82,"column":5},"end":{"line":82,"column":17}}},"6":{"name":"(anonymous_6)","line":91,"loc":{"start":{"line":91,"column":77},"end":{"line":94,"column":10}}},"7":{"name":"(anonymous_7)","line":112,"loc":{"start":{"line":112,"column":83},"end":{"line":115,"column":10}},"skip":true},"8":{"name":"(anonymous_8)","line":123,"loc":{"start":{"line":123,"column":77},"end":{"line":126,"column":10}},"skip":true},"9":{"name":"(anonymous_9)","line":139,"loc":{"start":{"line":139,"column":12},"end":{"line":139,"column":40}},"skip":true},"10":{"name":"(anonymous_10)","line":147,"loc":{"start":{"line":147,"column":77},"end":{"line":150,"column":10}},"skip":true},"11":{"name":"(anonymous_11)","line":158,"loc":{"start":{"line":158,"column":83},"end":{"line":161,"column":10}},"skip":true},"12":{"name":"(anonymous_12)","line":169,"loc":{"start":{"line":169,"column":79},"end":{"line":172,"column":10}},"skip":true},"13":{"name":"(anonymous_13)","line":180,"loc":{"start":{"line":180,"column":75},"end":{"line":183,"column":10}},"skip":true}},"statementMap":{"1":{"start":{"line":12,"column":0},"end":{"line":195,"column":5}},"2":{"start":{"line":14,"column":4},"end":{"line":14,"column":14}},"3":{"start":{"line":19,"column":4},"end":{"line":56,"column":9}},"4":{"start":{"line":21,"column":8},"end":{"line":21,"column":19}},"5":{"start":{"line":23,"column":8},"end":{"line":35,"column":13}},"6":{"start":{"line":24,"column":12},"end":{"line":34,"column":13}},"7":{"start":{"line":25,"column":16},"end":{"line":28,"column":30}},"8":{"start":{"line":30,"column":16},"end":{"line":33,"column":27}},"9":{"start":{"line":37,"column":8},"end":{"line":39,"column":21}},"10":{"start":{"line":40,"column":8},"end":{"line":53,"column":9}},"11":{"start":{"line":43,"column":12},"end":{"line":46,"column":14}},"12":{"start":{"line":47,"column":12},"end":{"line":47,"column":18}},"13":{"start":{"line":50,"column":12},"end":{"line":51,"column":33}},"14":{"start":{"line":52,"column":12},"end":{"line":52,"column":18}},"15":{"start":{"line":55,"column":8},"end":{"line":55,"column":35}},"16":{"start":{"line":61,"column":4},"end":{"line":63,"column":9}},"17":{"start":{"line":62,"column":8},"end":{"line":62,"column":15}},"18":{"start":{"line":64,"column":4},"end":{"line":77,"column":5}},"19":{"start":{"line":70,"column":8},"end":{"line":70,"column":14}},"20":{"start":{"line":76,"column":8},"end":{"line":76,"column":14}},"21":{"start":{"line":82,"column":4},"end":{"line":84,"column":9}},"22":{"start":{"line":83,"column":8},"end":{"line":83,"column":15}},"23":{"start":{"line":85,"column":4},"end":{"line":194,"column":5}},"24":{"start":{"line":91,"column":8},"end":{"line":99,"column":10}},"25":{"start":{"line":98,"column":12},"end":{"line":98,"column":35}},"26":{"start":{"line":102,"column":8},"end":{"line":104,"column":63}},"27":{"start":{"line":105,"column":8},"end":{"line":105,"column":14}},"28":{"start":{"line":112,"column":8},"end":{"line":121,"column":10},"skip":true},"29":{"start":{"line":119,"column":12},"end":{"line":119,"column":55},"skip":true},"30":{"start":{"line":120,"column":12},"end":{"line":120,"column":48},"skip":true},"31":{"start":{"line":123,"column":8},"end":{"line":136,"column":10},"skip":true},"32":{"start":{"line":130,"column":12},"end":{"line":130,"column":76},"skip":true},"33":{"start":{"line":131,"column":12},"end":{"line":131,"column":73},"skip":true},"34":{"start":{"line":132,"column":12},"end":{"line":132,"column":74},"skip":true},"35":{"start":{"line":133,"column":12},"end":{"line":133,"column":79},"skip":true},"36":{"start":{"line":134,"column":12},"end":{"line":134,"column":25},"skip":true},"37":{"start":{"line":135,"column":12},"end":{"line":135,"column":45},"skip":true},"38":{"start":{"line":138,"column":8},"end":{"line":145,"column":14},"skip":true},"39":{"start":{"line":143,"column":16},"end":{"line":143,"column":29},"skip":true},"40":{"start":{"line":144,"column":16},"end":{"line":144,"column":55},"skip":true},"41":{"start":{"line":147,"column":8},"end":{"line":156,"column":10},"skip":true},"42":{"start":{"line":154,"column":12},"end":{"line":154,"column":25},"skip":true},"43":{"start":{"line":155,"column":12},"end":{"line":155,"column":45},"skip":true},"44":{"start":{"line":158,"column":8},"end":{"line":167,"column":10},"skip":true},"45":{"start":{"line":165,"column":12},"end":{"line":165,"column":25},"skip":true},"46":{"start":{"line":166,"column":12},"end":{"line":166,"column":48},"skip":true},"47":{"start":{"line":169,"column":8},"end":{"line":178,"column":10},"skip":true},"48":{"start":{"line":176,"column":12},"end":{"line":176,"column":25},"skip":true},"49":{"start":{"line":177,"column":12},"end":{"line":177,"column":46},"skip":true},"50":{"start":{"line":180,"column":8},"end":{"line":189,"column":10},"skip":true},"51":{"start":{"line":187,"column":12},"end":{"line":187,"column":94},"skip":true},"52":{"start":{"line":188,"column":12},"end":{"line":188,"column":48},"skip":true},"53":{"start":{"line":192,"column":8},"end":{"line":192,"column":35},"skip":true},"54":{"start":{"line":193,"column":8},"end":{"line":193,"column":14},"skip":true}},"branchMap":{"1":{"line":25,"type":"binary-expr","locations":[{"start":{"line":25,"column":23},"end":{"line":25,"column":62}},{"start":{"line":26,"column":20},"end":{"line":26,"column":70}},{"start":{"line":27,"column":20},"end":{"line":27,"column":71}},{"start":{"line":28,"column":20},"end":{"line":28,"column":29}}]},"2":{"line":30,"type":"binary-expr","locations":[{"start":{"line":30,"column":23},"end":{"line":30,"column":37}},{"start":{"line":31,"column":20},"end":{"line":31,"column":61}},{"start":{"line":32,"column":20},"end":{"line":32,"column":70}},{"start":{"line":33,"column":20},"end":{"line":33,"column":26}}]},"3":{"line":37,"type":"cond-expr","locations":[{"start":{"line":38,"column":14},"end":{"line":38,"column":20}},{"start":{"line":39,"column":14},"end":{"line":39,"column":20}}]},"4":{"line":40,"type":"switch","locations":[{"start":{"line":42,"column":8},"end":{"line":47,"column":18}},{"start":{"line":49,"column":8},"end":{"line":52,"column":18}}]},"5":{"line":44,"type":"binary-expr","locations":[{"start":{"line":44,"column":16},"end":{"line":44,"column":44}},{"start":{"line":44,"column":48},"end":{"line":44,"column":66}}]},"6":{"line":50,"type":"binary-expr","locations":[{"start":{"line":50,"column":21},"end":{"line":50,"column":49}},{"start":{"line":50,"column":53},"end":{"line":50,"column":72}}]},"7":{"line":64,"type":"switch","locations":[{"start":{"line":69,"column":4},"end":{"line":70,"column":14}},{"start":{"line":75,"column":4},"end":{"line":76,"column":14}}]},"8":{"line":85,"type":"switch","locations":[{"start":{"line":90,"column":4},"end":{"line":105,"column":14}},{"start":{"line":111,"column":4},"end":{"line":193,"column":14},"skip":true}]},"9":{"line":91,"type":"binary-expr","locations":[{"start":{"line":91,"column":42},"end":{"line":91,"column":73}},{"start":{"line":91,"column":77},"end":{"line":99,"column":9}}]},"10":{"line":102,"type":"binary-expr","locations":[{"start":{"line":102,"column":18},"end":{"line":102,"column":32}},{"start":{"line":103,"column":12},"end":{"line":103,"column":53}},{"start":{"line":104,"column":12},"end":{"line":104,"column":61}}]},"11":{"line":112,"type":"binary-expr","locations":[{"start":{"line":112,"column":45},"end":{"line":112,"column":79},"skip":true},{"start":{"line":112,"column":83},"end":{"line":121,"column":9},"skip":true}]},"12":{"line":123,"type":"binary-expr","locations":[{"start":{"line":123,"column":42},"end":{"line":123,"column":73},"skip":true},{"start":{"line":123,"column":77},"end":{"line":136,"column":9},"skip":true}]},"13":{"line":138,"type":"binary-expr","locations":[{"start":{"line":138,"column":48},"end":{"line":138,"column":85},"skip":true},{"start":{"line":139,"column":12},"end":{"line":145,"column":13},"skip":true}]},"14":{"line":147,"type":"binary-expr","locations":[{"start":{"line":147,"column":42},"end":{"line":147,"column":73},"skip":true},{"start":{"line":147,"column":77},"end":{"line":156,"column":9},"skip":true}]},"15":{"line":158,"type":"binary-expr","locations":[{"start":{"line":158,"column":45},"end":{"line":158,"column":79},"skip":true},{"start":{"line":158,"column":83},"end":{"line":167,"column":9},"skip":true}]},"16":{"line":169,"type":"binary-expr","locations":[{"start":{"line":169,"column":43},"end":{"line":169,"column":75},"skip":true},{"start":{"line":169,"column":79},"end":{"line":178,"column":9},"skip":true}]},"17":{"line":180,"type":"binary-expr","locations":[{"start":{"line":180,"column":41},"end":{"line":180,"column":71},"skip":true},{"start":{"line":180,"column":75},"end":{"line":189,"column":9},"skip":true}]}},"code":["/* istanbul instrument in package npmtest_hjs_webpack */","/*jslint","    bitwise: true,","    browser: true,","    maxerr: 8,","    maxlen: 96,","    node: true,","    nomen: true,","    regexp: true,","    stupid: true","*/","(function () {","    'use strict';","    var local;","","","","    // run shared js-env code - pre-init","    (function () {","        // init local","        local = {};","        // init modeJs","        local.modeJs = (function () {","            try {","                return typeof navigator.userAgent === 'string' &&","                    typeof document.querySelector('body') === 'object' &&","                    typeof XMLHttpRequest.prototype.open === 'function' &&","                    'browser';","            } catch (errorCaughtBrowser) {","                return module.exports &&","                    typeof process.versions.node === 'string' &&","                    typeof require('http').createServer === 'function' &&","                    'node';","            }","        }());","        // init global","        local.global = local.modeJs === 'browser'","            ? window","            : global;","        switch (local.modeJs) {","        // re-init local from window.local","        case 'browser':","            local = local.global.utility2.objectSetDefault(","                local.global.utility2_rollup || local.global.local,","                local.global.utility2","            );","            break;","        // re-init local from example.js","        case 'node':","            local = (local.global.utility2_rollup || require('utility2'))","                .requireReadme();","            break;","        }","        // export local","        local.global.local = local;","    }());","","","","    // run shared js-env code - function","    (function () {","        return;","    }());","    switch (local.modeJs) {","","","","    // run browser js-env code - function","    case 'browser':","        break;","","","","    // run node js-env code - function","    case 'node':","        break;","    }","","","","    // run shared js-env code - post-init","    (function () {","        return;","    }());","    switch (local.modeJs) {","","","","    // run browser js-env code - post-init","    case 'browser':","        local.testCase_browser_nullCase = local.testCase_browser_nullCase || function (","            options,","            onError","        ) {","        /*","         * this function will test browsers's null-case handling-behavior-behavior","         */","            onError(null, options);","        };","","        // run tests","        local.nop(local.modeTest &&","            document.querySelector('#testRunButton1') &&","            document.querySelector('#testRunButton1').click());","        break;","","","","    // run node js-env code - post-init","    /* istanbul ignore next */","    case 'node':","        local.testCase_buildApidoc_default = local.testCase_buildApidoc_default || function (","            options,","            onError","        ) {","        /*","         * this function will test buildApidoc's default handling-behavior-behavior","         */","            options = { modulePathList: module.paths };","            local.buildApidoc(options, onError);","        };","","        local.testCase_buildApp_default = local.testCase_buildApp_default || function (","            options,","            onError","        ) {","        /*","         * this function will test buildApp's default handling-behavior-behavior","         */","            local.testCase_buildReadme_default(options, local.onErrorThrow);","            local.testCase_buildLib_default(options, local.onErrorThrow);","            local.testCase_buildTest_default(options, local.onErrorThrow);","            local.testCase_buildCustomOrg_default(options, local.onErrorThrow);","            options = [];","            local.buildApp(options, onError);","        };","","        local.testCase_buildCustomOrg_default = local.testCase_buildCustomOrg_default ||","            function (options, onError) {","            /*","             * this function will test buildCustomOrg's default handling-behavior","             */","                options = {};","                local.buildCustomOrg(options, onError);","            };","","        local.testCase_buildLib_default = local.testCase_buildLib_default || function (","            options,","            onError","        ) {","        /*","         * this function will test buildLib's default handling-behavior","         */","            options = {};","            local.buildLib(options, onError);","        };","","        local.testCase_buildReadme_default = local.testCase_buildReadme_default || function (","            options,","            onError","        ) {","        /*","         * this function will test buildReadme's default handling-behavior-behavior","         */","            options = {};","            local.buildReadme(options, onError);","        };","","        local.testCase_buildTest_default = local.testCase_buildTest_default || function (","            options,","            onError","        ) {","        /*","         * this function will test buildTest's default handling-behavior","         */","            options = {};","            local.buildTest(options, onError);","        };","","        local.testCase_webpage_default = local.testCase_webpage_default || function (","            options,","            onError","        ) {","        /*","         * this function will test webpage's default handling-behavior","         */","            options = { modeCoverageMerge: true, url: local.serverLocalHost + '?modeTest=1' };","            local.browserTest(options, onError);","        };","","        // run test-server","        local.testRunServer(local);","        break;","    }","}());",""],"l":{"12":2,"14":2,"19":2,"21":2,"23":2,"24":2,"25":2,"30":1,"37":2,"40":2,"43":1,"47":1,"50":1,"52":1,"55":2,"61":2,"62":2,"64":2,"70":1,"76":1,"82":2,"83":2,"85":2,"91":1,"98":1,"102":1,"105":1,"112":1,"119":1,"120":1,"123":1,"130":1,"131":1,"132":1,"133":1,"134":1,"135":1,"138":1,"143":2,"144":2,"147":1,"154":2,"155":2,"158":1,"165":2,"166":2,"169":1,"176":2,"177":2,"180":1,"187":1,"188":1,"192":1,"193":1}},"/home/travis/build/npmtest/node-npmtest-hjs-webpack/lib.npmtest_hjs_webpack.js":{"path":"/home/travis/build/npmtest/node-npmtest-hjs-webpack/lib.npmtest_hjs_webpack.js","s":{"1":2,"2":2,"3":2,"4":2,"5":2,"6":2,"7":2,"8":1,"9":2,"10":2,"11":2,"12":2,"13":1,"14":1,"15":1,"16":1},"b":{"1":[2,1,1,1],"2":[1,1,1,1],"3":[1,1],"4":[2,2],"5":[1,1]},"f":{"1":2,"2":2,"3":2},"fnMap":{"1":{"name":"(anonymous_1)","line":12,"loc":{"start":{"line":12,"column":1},"end":{"line":12,"column":13}}},"2":{"name":"(anonymous_2)","line":19,"loc":{"start":{"line":19,"column":5},"end":{"line":19,"column":17}}},"3":{"name":"(anonymous_3)","line":23,"loc":{"start":{"line":23,"column":24},"end":{"line":23,"column":36}}}},"statementMap":{"1":{"start":{"line":12,"column":0},"end":{"line":53,"column":5}},"2":{"start":{"line":14,"column":4},"end":{"line":14,"column":14}},"3":{"start":{"line":19,"column":4},"end":{"line":52,"column":9}},"4":{"start":{"line":21,"column":8},"end":{"line":21,"column":19}},"5":{"start":{"line":23,"column":8},"end":{"line":35,"column":13}},"6":{"start":{"line":24,"column":12},"end":{"line":34,"column":13}},"7":{"start":{"line":25,"column":16},"end":{"line":28,"column":30}},"8":{"start":{"line":30,"column":16},"end":{"line":33,"column":27}},"9":{"start":{"line":37,"column":8},"end":{"line":39,"column":21}},"10":{"start":{"line":41,"column":8},"end":{"line":41,"column":54}},"11":{"start":{"line":43,"column":8},"end":{"line":43,"column":56}},"12":{"start":{"line":45,"column":8},"end":{"line":51,"column":9}},"13":{"start":{"line":46,"column":12},"end":{"line":46,"column":62}},"14":{"start":{"line":48,"column":12},"end":{"line":48,"column":35}},"15":{"start":{"line":49,"column":12},"end":{"line":49,"column":49}},"16":{"start":{"line":50,"column":12},"end":{"line":50,"column":43}}},"branchMap":{"1":{"line":25,"type":"binary-expr","locations":[{"start":{"line":25,"column":23},"end":{"line":25,"column":62}},{"start":{"line":26,"column":20},"end":{"line":26,"column":70}},{"start":{"line":27,"column":20},"end":{"line":27,"column":71}},{"start":{"line":28,"column":20},"end":{"line":28,"column":29}}]},"2":{"line":30,"type":"binary-expr","locations":[{"start":{"line":30,"column":23},"end":{"line":30,"column":37}},{"start":{"line":31,"column":20},"end":{"line":31,"column":61}},{"start":{"line":32,"column":20},"end":{"line":32,"column":70}},{"start":{"line":33,"column":20},"end":{"line":33,"column":26}}]},"3":{"line":37,"type":"cond-expr","locations":[{"start":{"line":38,"column":14},"end":{"line":38,"column":20}},{"start":{"line":39,"column":14},"end":{"line":39,"column":20}}]},"4":{"line":41,"type":"binary-expr","locations":[{"start":{"line":41,"column":16},"end":{"line":41,"column":44}},{"start":{"line":41,"column":48},"end":{"line":41,"column":53}}]},"5":{"line":45,"type":"if","locations":[{"start":{"line":45,"column":8},"end":{"line":45,"column":8}},{"start":{"line":45,"column":8},"end":{"line":45,"column":8}}]}},"code":["/* istanbul instrument in package npmtest_hjs_webpack */","/*jslint","    bitwise: true,","    browser: true,","    maxerr: 8,","    maxlen: 96,","    node: true,","    nomen: true,","    regexp: true,","    stupid: true","*/","(function () {","    'use strict';","    var local;","","","","    // run shared js-env code - pre-init","    (function () {","        // init local","        local = {};","        // init modeJs","        local.modeJs = (function () {","            try {","                return typeof navigator.userAgent === 'string' &&","                    typeof document.querySelector('body') === 'object' &&","                    typeof XMLHttpRequest.prototype.open === 'function' &&","                    'browser';","            } catch (errorCaughtBrowser) {","                return module.exports &&","                    typeof process.versions.node === 'string' &&","                    typeof require('http').createServer === 'function' &&","                    'node';","            }","        }());","        // init global","        local.global = local.modeJs === 'browser'","            ? window","            : global;","        // init utility2_rollup","        local = local.global.utility2_rollup || local;","        // init lib","        local.local = local.npmtest_hjs_webpack = local;","        // init exports","        if (local.modeJs === 'browser') {","            local.global.utility2_npmtest_hjs_webpack = local;","        } else {","            module.exports = local;","            module.exports.__dirname = __dirname;","            module.exports.module = module;","        }","    }());","}());",""],"l":{"12":2,"14":2,"19":2,"21":2,"23":2,"24":2,"25":2,"30":1,"37":2,"41":2,"43":2,"45":2,"46":1,"48":1,"49":1,"50":1}},"/home/travis/build/npmtest/node-npmtest-hjs-webpack/example.js":{"path":"/home/travis/build/npmtest/node-npmtest-hjs-webpack/example.js","s":{"1":2,"2":2,"3":2,"4":2,"5":2,"6":2,"7":2,"8":1,"9":2,"10":2,"11":2,"12":2,"13":1,"14":2,"15":2,"16":2,"17":2,"18":2,"19":0,"20":2,"21":1,"22":1,"23":1,"24":1,"25":1,"26":0,"27":0,"28":1,"29":1,"30":2,"31":0,"32":0,"33":0,"34":1,"35":2,"36":2,"37":3,"38":3,"39":3,"40":3,"41":0,"42":3,"43":3,"44":3,"45":1,"46":3,"47":1,"48":1,"49":1,"50":1,"51":1,"52":1,"53":1,"54":1,"55":1,"56":1,"57":0,"58":1,"59":6,"60":6,"61":1,"62":2,"63":0,"64":2,"65":1,"66":1,"67":0,"68":0,"69":0,"70":0,"71":0,"72":0,"73":0,"74":0,"75":0,"76":0,"77":0,"78":0,"79":0,"80":0,"81":0,"82":0,"83":0},"b":{"1":[2,1,1,1],"2":[1,1,1,1],"3":[1,1],"4":[2,2],"5":[1,1],"6":[1,1],"7":[2,0],"8":[2,1,1,1,1,1],"9":[0,2,0],"10":[1,1],"11":[2,1,1],"12":[1,0],"13":[0,2],"14":[2,0,0,0,0,0,0],"15":[0,3],"16":[3,0],"17":[1,1],"18":[0,1],"19":[1,2,0,2],"20":[1,0],"21":[1,1],"22":[0,0],"23":[0,0],"24":[0,0],"25":[0,0],"26":[0,0],"27":[0,0],"28":[0,0]},"f":{"1":2,"2":2,"3":2,"4":2,"5":2,"6":2,"7":3,"8":3,"9":3,"10":1,"11":6,"12":0},"fnMap":{"1":{"name":"(anonymous_1)","line":26,"loc":{"start":{"line":26,"column":1},"end":{"line":26,"column":13}}},"2":{"name":"(anonymous_2)","line":33,"loc":{"start":{"line":33,"column":5},"end":{"line":33,"column":17}}},"3":{"name":"(anonymous_3)","line":37,"loc":{"start":{"line":37,"column":24},"end":{"line":37,"column":36}}},"4":{"name":"(anonymous_4)","line":69,"loc":{"start":{"line":69,"column":31},"end":{"line":69,"column":48}},"skip":true},"5":{"name":"(anonymous_5)","line":78,"loc":{"start":{"line":78,"column":26},"end":{"line":78,"column":45}},"skip":true},"6":{"name":"(anonymous_6)","line":123,"loc":{"start":{"line":123,"column":33},"end":{"line":123,"column":48}},"skip":true},"7":{"name":"(anonymous_7)","line":125,"loc":{"start":{"line":125,"column":27},"end":{"line":125,"column":39}},"skip":true},"8":{"name":"(anonymous_8)","line":133,"loc":{"start":{"line":133,"column":59},"end":{"line":133,"column":74}},"skip":true},"9":{"name":"(anonymous_9)","line":143,"loc":{"start":{"line":143,"column":45},"end":{"line":143,"column":62}},"skip":true},"10":{"name":"(anonymous_10)","line":144,"loc":{"start":{"line":144,"column":73},"end":{"line":144,"column":92}},"skip":true},"11":{"name":"(anonymous_11)","line":272,"loc":{"start":{"line":272,"column":51},"end":{"line":272,"column":77}},"skip":true},"12":{"name":"(anonymous_12)","line":315,"loc":{"start":{"line":315,"column":32},"end":{"line":315,"column":61}},"skip":true}},"statementMap":{"1":{"start":{"line":26,"column":0},"end":{"line":326,"column":5}},"2":{"start":{"line":28,"column":4},"end":{"line":28,"column":14}},"3":{"start":{"line":33,"column":4},"end":{"line":60,"column":9}},"4":{"start":{"line":35,"column":8},"end":{"line":35,"column":19}},"5":{"start":{"line":37,"column":8},"end":{"line":49,"column":13}},"6":{"start":{"line":38,"column":12},"end":{"line":48,"column":13}},"7":{"start":{"line":39,"column":16},"end":{"line":42,"column":30}},"8":{"start":{"line":44,"column":16},"end":{"line":47,"column":27}},"9":{"start":{"line":51,"column":8},"end":{"line":53,"column":21}},"10":{"start":{"line":55,"column":8},"end":{"line":57,"column":45}},"11":{"start":{"line":59,"column":8},"end":{"line":59,"column":35}},"12":{"start":{"line":61,"column":4},"end":{"line":325,"column":5}},"13":{"start":{"line":69,"column":8},"end":{"line":121,"column":10},"skip":true},"14":{"start":{"line":70,"column":12},"end":{"line":88,"column":13},"skip":true},"15":{"start":{"line":76,"column":16},"end":{"line":87,"column":19},"skip":true},"16":{"start":{"line":79,"column":20},"end":{"line":86,"column":21},"skip":true},"17":{"start":{"line":82,"column":24},"end":{"line":82,"column":43},"skip":true},"18":{"start":{"line":83,"column":24},"end":{"line":83,"column":30},"skip":true},"19":{"start":{"line":85,"column":24},"end":{"line":85,"column":49},"skip":true},"20":{"start":{"line":89,"column":12},"end":{"line":107,"column":13},"skip":true},"21":{"start":{"line":92,"column":16},"end":{"line":102,"column":17},"skip":true},"22":{"start":{"line":93,"column":20},"end":{"line":93,"column":86},"skip":true},"23":{"start":{"line":94,"column":20},"end":{"line":95,"column":45},"skip":true},"24":{"start":{"line":96,"column":20},"end":{"line":96,"column":42},"skip":true},"25":{"start":{"line":97,"column":20},"end":{"line":97,"column":48},"skip":true},"26":{"start":{"line":100,"column":20},"end":{"line":100,"column":85},"skip":true},"27":{"start":{"line":101,"column":20},"end":{"line":101,"column":96},"skip":true},"28":{"start":{"line":103,"column":16},"end":{"line":103,"column":22},"skip":true},"29":{"start":{"line":106,"column":16},"end":{"line":106,"column":22},"skip":true},"30":{"start":{"line":108,"column":12},"end":{"line":120,"column":13},"skip":true},"31":{"start":{"line":114,"column":16},"end":{"line":119,"column":17},"skip":true},"32":{"start":{"line":116,"column":20},"end":{"line":116,"column":78},"skip":true},"33":{"start":{"line":118,"column":20},"end":{"line":118,"column":47},"skip":true},"34":{"start":{"line":123,"column":8},"end":{"line":141,"column":11},"skip":true},"35":{"start":{"line":124,"column":12},"end":{"line":124,"column":54},"skip":true},"36":{"start":{"line":125,"column":12},"end":{"line":140,"column":14},"skip":true},"37":{"start":{"line":126,"column":16},"end":{"line":126,"column":28},"skip":true},"38":{"start":{"line":127,"column":16},"end":{"line":127,"column":69},"skip":true},"39":{"start":{"line":128,"column":16},"end":{"line":128,"column":75},"skip":true},"40":{"start":{"line":129,"column":16},"end":{"line":131,"column":17},"skip":true},"41":{"start":{"line":130,"column":20},"end":{"line":130,"column":27},"skip":true},"42":{"start":{"line":133,"column":16},"end":{"line":137,"column":36},"skip":true},"43":{"start":{"line":134,"column":20},"end":{"line":136,"column":55},"skip":true},"44":{"start":{"line":139,"column":16},"end":{"line":139,"column":57},"skip":true},"45":{"start":{"line":143,"column":8},"end":{"line":147,"column":11},"skip":true},"46":{"start":{"line":144,"column":12},"end":{"line":146,"column":15},"skip":true},"47":{"start":{"line":145,"column":16},"end":{"line":145,"column":70},"skip":true},"48":{"start":{"line":149,"column":8},"end":{"line":149,"column":31},"skip":true},"49":{"start":{"line":150,"column":8},"end":{"line":150,"column":14},"skip":true},"50":{"start":{"line":158,"column":8},"end":{"line":158,"column":31},"skip":true},"51":{"start":{"line":160,"column":8},"end":{"line":160,"column":33},"skip":true},"52":{"start":{"line":161,"column":8},"end":{"line":161,"column":37},"skip":true},"53":{"start":{"line":162,"column":8},"end":{"line":162,"column":35},"skip":true},"54":{"start":{"line":164,"column":8},"end":{"line":164,"column":50},"skip":true},"55":{"start":{"line":166,"column":8},"end":{"line":256,"column":2},"skip":true},"56":{"start":{"line":258,"column":8},"end":{"line":286,"column":9},"skip":true},"57":{"start":{"line":259,"column":12},"end":{"line":269,"column":14},"skip":true},"58":{"start":{"line":271,"column":12},"end":{"line":285,"column":19},"skip":true},"59":{"start":{"line":274,"column":20},"end":{"line":274,"column":35},"skip":true},"60":{"start":{"line":275,"column":20},"end":{"line":284,"column":21},"skip":true},"61":{"start":{"line":277,"column":24},"end":{"line":277,"column":64},"skip":true},"62":{"start":{"line":279,"column":24},"end":{"line":279,"column":40},"skip":true},"63":{"start":{"line":281,"column":24},"end":{"line":281,"column":40},"skip":true},"64":{"start":{"line":283,"column":24},"end":{"line":283,"column":39},"skip":true},"65":{"start":{"line":288,"column":8},"end":{"line":290,"column":9},"skip":true},"66":{"start":{"line":289,"column":12},"end":{"line":289,"column":18},"skip":true},"67":{"start":{"line":291,"column":8},"end":{"line":293,"column":54},"skip":true},"68":{"start":{"line":296,"column":8},"end":{"line":301,"column":37},"skip":true},"69":{"start":{"line":303,"column":8},"end":{"line":303,"column":82},"skip":true},"70":{"start":{"line":306,"column":8},"end":{"line":308,"column":9},"skip":true},"71":{"start":{"line":307,"column":12},"end":{"line":307,"column":82},"skip":true},"72":{"start":{"line":310,"column":8},"end":{"line":312,"column":9},"skip":true},"73":{"start":{"line":311,"column":12},"end":{"line":311,"column":18},"skip":true},"74":{"start":{"line":313,"column":8},"end":{"line":313,"column":54},"skip":true},"75":{"start":{"line":314,"column":8},"end":{"line":314,"column":69},"skip":true},"76":{"start":{"line":315,"column":8},"end":{"line":323,"column":36},"skip":true},"77":{"start":{"line":316,"column":12},"end":{"line":316,"column":61},"skip":true},"78":{"start":{"line":317,"column":12},"end":{"line":320,"column":13},"skip":true},"79":{"start":{"line":318,"column":16},"end":{"line":318,"column":75},"skip":true},"80":{"start":{"line":319,"column":16},"end":{"line":319,"column":23},"skip":true},"81":{"start":{"line":321,"column":12},"end":{"line":321,"column":38},"skip":true},"82":{"start":{"line":322,"column":12},"end":{"line":322,"column":27},"skip":true},"83":{"start":{"line":324,"column":8},"end":{"line":324,"column":14},"skip":true}},"branchMap":{"1":{"line":39,"type":"binary-expr","locations":[{"start":{"line":39,"column":23},"end":{"line":39,"column":62}},{"start":{"line":40,"column":20},"end":{"line":40,"column":70}},{"start":{"line":41,"column":20},"end":{"line":41,"column":71}},{"start":{"line":42,"column":20},"end":{"line":42,"column":29}}]},"2":{"line":44,"type":"binary-expr","locations":[{"start":{"line":44,"column":23},"end":{"line":44,"column":37}},{"start":{"line":45,"column":20},"end":{"line":45,"column":61}},{"start":{"line":46,"column":20},"end":{"line":46,"column":70}},{"start":{"line":47,"column":20},"end":{"line":47,"column":26}}]},"3":{"line":51,"type":"cond-expr","locations":[{"start":{"line":52,"column":14},"end":{"line":52,"column":20}},{"start":{"line":53,"column":14},"end":{"line":53,"column":20}}]},"4":{"line":55,"type":"binary-expr","locations":[{"start":{"line":55,"column":16},"end":{"line":55,"column":44}},{"start":{"line":55,"column":49},"end":{"line":57,"column":43}}]},"5":{"line":55,"type":"cond-expr","locations":[{"start":{"line":56,"column":14},"end":{"line":56,"column":55}},{"start":{"line":57,"column":14},"end":{"line":57,"column":43}}]},"6":{"line":61,"type":"switch","locations":[{"start":{"line":68,"column":4},"end":{"line":150,"column":14},"skip":true},{"start":{"line":156,"column":4},"end":{"line":324,"column":14},"skip":true}]},"7":{"line":70,"type":"if","locations":[{"start":{"line":70,"column":12},"end":{"line":70,"column":12},"skip":true},{"start":{"line":70,"column":12},"end":{"line":70,"column":12},"skip":true}]},"8":{"line":70,"type":"binary-expr","locations":[{"start":{"line":70,"column":16},"end":{"line":70,"column":22},"skip":true},{"start":{"line":70,"column":27},"end":{"line":70,"column":32},"skip":true},{"start":{"line":71,"column":20},"end":{"line":71,"column":39},"skip":true},{"start":{"line":72,"column":20},"end":{"line":72,"column":49},"skip":true},{"start":{"line":73,"column":20},"end":{"line":73,"column":58},"skip":true},{"start":{"line":74,"column":20},"end":{"line":74,"column":69},"skip":true}]},"9":{"line":79,"type":"switch","locations":[{"start":{"line":80,"column":20},"end":{"line":80,"column":33},"skip":true},{"start":{"line":81,"column":20},"end":{"line":83,"column":30},"skip":true},{"start":{"line":84,"column":20},"end":{"line":85,"column":49},"skip":true}]},"10":{"line":89,"type":"switch","locations":[{"start":{"line":90,"column":12},"end":{"line":103,"column":22},"skip":true},{"start":{"line":105,"column":12},"end":{"line":106,"column":22},"skip":true}]},"11":{"line":89,"type":"binary-expr","locations":[{"start":{"line":89,"column":20},"end":{"line":89,"column":25},"skip":true},{"start":{"line":89,"column":29},"end":{"line":89,"column":48},"skip":true},{"start":{"line":89,"column":52},"end":{"line":89,"column":74},"skip":true}]},"12":{"line":92,"type":"if","locations":[{"start":{"line":92,"column":16},"end":{"line":92,"column":16},"skip":true},{"start":{"line":92,"column":16},"end":{"line":92,"column":16},"skip":true}]},"13":{"line":108,"type":"if","locations":[{"start":{"line":108,"column":12},"end":{"line":108,"column":12},"skip":true},{"start":{"line":108,"column":12},"end":{"line":108,"column":12},"skip":true}]},"14":{"line":108,"type":"binary-expr","locations":[{"start":{"line":108,"column":16},"end":{"line":108,"column":61},"skip":true},{"start":{"line":108,"column":66},"end":{"line":108,"column":72},"skip":true},{"start":{"line":108,"column":77},"end":{"line":108,"column":82},"skip":true},{"start":{"line":109,"column":20},"end":{"line":109,"column":39},"skip":true},{"start":{"line":110,"column":20},"end":{"line":110,"column":49},"skip":true},{"start":{"line":111,"column":20},"end":{"line":111,"column":58},"skip":true},{"start":{"line":112,"column":20},"end":{"line":112,"column":68},"skip":true}]},"15":{"line":129,"type":"if","locations":[{"start":{"line":129,"column":16},"end":{"line":129,"column":16},"skip":true},{"start":{"line":129,"column":16},"end":{"line":129,"column":16},"skip":true}]},"16":{"line":134,"type":"cond-expr","locations":[{"start":{"line":135,"column":26},"end":{"line":135,"column":29},"skip":true},{"start":{"line":136,"column":26},"end":{"line":136,"column":54},"skip":true}]},"17":{"line":164,"type":"binary-expr","locations":[{"start":{"line":164,"column":27},"end":{"line":164,"column":43},"skip":true},{"start":{"line":164,"column":47},"end":{"line":164,"column":49},"skip":true}]},"18":{"line":258,"type":"if","locations":[{"start":{"line":258,"column":8},"end":{"line":258,"column":8},"skip":true},{"start":{"line":258,"column":8},"end":{"line":258,"column":8},"skip":true}]},"19":{"line":275,"type":"switch","locations":[{"start":{"line":276,"column":20},"end":{"line":277,"column":64},"skip":true},{"start":{"line":278,"column":20},"end":{"line":279,"column":40},"skip":true},{"start":{"line":280,"column":20},"end":{"line":281,"column":40},"skip":true},{"start":{"line":282,"column":20},"end":{"line":283,"column":39},"skip":true}]},"20":{"line":288,"type":"if","locations":[{"start":{"line":288,"column":8},"end":{"line":288,"column":8},"skip":true},{"start":{"line":288,"column":8},"end":{"line":288,"column":8},"skip":true}]},"21":{"line":288,"type":"binary-expr","locations":[{"start":{"line":288,"column":12},"end":{"line":288,"column":40},"skip":true},{"start":{"line":288,"column":44},"end":{"line":288,"column":67},"skip":true}]},"22":{"line":292,"type":"binary-expr","locations":[{"start":{"line":292,"column":12},"end":{"line":292,"column":50},"skip":true},{"start":{"line":293,"column":12},"end":{"line":293,"column":53},"skip":true}]},"23":{"line":297,"type":"binary-expr","locations":[{"start":{"line":297,"column":12},"end":{"line":297,"column":69},"skip":true},{"start":{"line":298,"column":12},"end":{"line":301,"column":36},"skip":true}]},"24":{"line":303,"type":"binary-expr","locations":[{"start":{"line":303,"column":43},"end":{"line":303,"column":75},"skip":true},{"start":{"line":303,"column":79},"end":{"line":303,"column":81},"skip":true}]},"25":{"line":306,"type":"if","locations":[{"start":{"line":306,"column":8},"end":{"line":306,"column":8},"skip":true},{"start":{"line":306,"column":8},"end":{"line":306,"column":8},"skip":true}]},"26":{"line":310,"type":"if","locations":[{"start":{"line":310,"column":8},"end":{"line":310,"column":8},"skip":true},{"start":{"line":310,"column":8},"end":{"line":310,"column":8},"skip":true}]},"27":{"line":313,"type":"binary-expr","locations":[{"start":{"line":313,"column":27},"end":{"line":313,"column":43},"skip":true},{"start":{"line":313,"column":47},"end":{"line":313,"column":53},"skip":true}]},"28":{"line":317,"type":"if","locations":[{"start":{"line":317,"column":12},"end":{"line":317,"column":12},"skip":true},{"start":{"line":317,"column":12},"end":{"line":317,"column":12},"skip":true}]}},"code":["/*","example.js","","quickstart example","","instruction","    1. save this script as example.js","    2. run the shell command:","        $ npm install npmtest-hjs-webpack && PORT=8081 node example.js","    3. play with the browser-demo on http://127.0.0.1:8081","*/","","","","/* istanbul instrument in package npmtest_hjs_webpack */","/*jslint","    bitwise: true,","    browser: true,","    maxerr: 8,","    maxlen: 96,","    node: true,","    nomen: true,","    regexp: true,","    stupid: true","*/","(function () {","    'use strict';","    var local;","","","","    // run shared js-env code - pre-init","    (function () {","        // init local","        local = {};","        // init modeJs","        local.modeJs = (function () {","            try {","                return typeof navigator.userAgent === 'string' &&","                    typeof document.querySelector('body') === 'object' &&","                    typeof XMLHttpRequest.prototype.open === 'function' &&","                    'browser';","            } catch (errorCaughtBrowser) {","                return module.exports &&","                    typeof process.versions.node === 'string' &&","                    typeof require('http').createServer === 'function' &&","                    'node';","            }","        }());","        // init global","        local.global = local.modeJs === 'browser'","            ? window","            : global;","        // init utility2_rollup","        local = local.global.utility2_rollup || (local.modeJs === 'browser'","            ? local.global.utility2_npmtest_hjs_webpack","            : global.utility2_moduleExports);","        // export local","        local.global.local = local;","    }());","    switch (local.modeJs) {","","","","    // post-init","    // run browser js-env code - post-init","    /* istanbul ignore next */","    case 'browser':","        local.testRunBrowser = function (event) {","            if (!event || (event &&","                    event.currentTarget &&","                    event.currentTarget.className &&","                    event.currentTarget.className.includes &&","                    event.currentTarget.className.includes('onreset'))) {","                // reset output","                Array.from(","                    document.querySelectorAll('body > .resettable')","                ).forEach(function (element) {","                    switch (element.tagName) {","                    case 'INPUT':","                    case 'TEXTAREA':","                        element.value = '';","                        break;","                    default:","                        element.textContent = '';","                    }","                });","            }","            switch (event && event.currentTarget && event.currentTarget.id) {","            case 'testRunButton1':","                // show tests","                if (document.querySelector('#testReportDiv1').style.display === 'none') {","                    document.querySelector('#testReportDiv1').style.display = 'block';","                    document.querySelector('#testRunButton1').textContent =","                        'hide internal test';","                    local.modeTest = true;","                    local.testRunDefault(local);","                // hide tests","                } else {","                    document.querySelector('#testReportDiv1').style.display = 'none';","                    document.querySelector('#testRunButton1').textContent = 'run internal test';","                }","                break;","            // custom-case","            default:","                break;","            }","            if (document.querySelector('#inputTextareaEval1') && (!event || (event &&","                    event.currentTarget &&","                    event.currentTarget.className &&","                    event.currentTarget.className.includes &&","                    event.currentTarget.className.includes('oneval')))) {","                // try to eval input-code","                try {","                    /*jslint evil: true*/","                    eval(document.querySelector('#inputTextareaEval1').value);","                } catch (errorCaught) {","                    console.error(errorCaught);","                }","            }","        };","        // log stderr and stdout to #outputTextareaStdout1","        ['error', 'log'].forEach(function (key) {","            console[key + '_original'] = console[key];","            console[key] = function () {","                var element;","                console[key + '_original'].apply(console, arguments);","                element = document.querySelector('#outputTextareaStdout1');","                if (!element) {","                    return;","                }","                // append text to #outputTextareaStdout1","                element.value += Array.from(arguments).map(function (arg) {","                    return typeof arg === 'string'","                        ? arg","                        : JSON.stringify(arg, null, 4);","                }).join(' ') + '\\n';","                // scroll textarea to bottom","                element.scrollTop = element.scrollHeight;","            };","        });","        // init event-handling","        ['change', 'click', 'keyup'].forEach(function (event) {","            Array.from(document.querySelectorAll('.on' + event)).forEach(function (element) {","                element.addEventListener(event, local.testRunBrowser);","            });","        });","        // run tests","        local.testRunBrowser();","        break;","","","","    // run node js-env code - post-init","    /* istanbul ignore next */","    case 'node':","        // export local","        module.exports = local;","        // require modules","        local.fs = require('fs');","        local.http = require('http');","        local.url = require('url');","        // init assets","        local.assetsDict = local.assetsDict || {};","        /* jslint-ignore-begin */","        local.assetsDict['/assets.index.template.html'] = '\\","<!doctype html>\\n\\","<html lang=\"en\">\\n\\","<head>\\n\\","<meta charset=\"UTF-8\">\\n\\","<meta name=\"viewport\" content=\"width=device-width, initial-scale=1\">\\n\\","<title>{{env.npm_package_name}} (v{{env.npm_package_version}})</title>\\n\\","<style>\\n\\","/*csslint\\n\\","    box-sizing: false,\\n\\","    universal-selector: false\\n\\","*/\\n\\","* {\\n\\","    box-sizing: border-box;\\n\\","}\\n\\","body {\\n\\","    background: #dde;\\n\\","    font-family: Arial, Helvetica, sans-serif;\\n\\","    margin: 2rem;\\n\\","}\\n\\","body > * {\\n\\","    margin-bottom: 1rem;\\n\\","}\\n\\",".utility2FooterDiv {\\n\\","    margin-top: 20px;\\n\\","    text-align: center;\\n\\","}\\n\\","</style>\\n\\","<style>\\n\\","/*csslint\\n\\","*/\\n\\","textarea {\\n\\","    font-family: monospace;\\n\\","    height: 10rem;\\n\\","    width: 100%;\\n\\","}\\n\\","textarea[readonly] {\\n\\","    background: #ddd;\\n\\","}\\n\\","</style>\\n\\","</head>\\n\\","<body>\\n\\","<!-- utility2-comment\\n\\","<div id=\"ajaxProgressDiv1\" style=\"background: #d00; height: 2px; left: 0; margin: 0; padding: 0; position: fixed; top: 0; transition: background 0.5s, width 1.5s; width: 25%;\"></div>\\n\\","utility2-comment -->\\n\\","<h1>\\n\\","<!-- utility2-comment\\n\\","    <a\\n\\","        {{#if env.npm_package_homepage}}\\n\\","        href=\"{{env.npm_package_homepage}}\"\\n\\","        {{/if env.npm_package_homepage}}\\n\\","        target=\"_blank\"\\n\\","    >\\n\\","utility2-comment -->\\n\\","        {{env.npm_package_name}} (v{{env.npm_package_version}})\\n\\","<!-- utility2-comment\\n\\","    </a>\\n\\","utility2-comment -->\\n\\","</h1>\\n\\","<h3>{{env.npm_package_description}}</h3>\\n\\","<!-- utility2-comment\\n\\","<h4><a download href=\"assets.app.js\">download standalone app</a></h4>\\n\\","<button class=\"onclick onreset\" id=\"testRunButton1\">run internal test</button><br>\\n\\","<div id=\"testReportDiv1\" style=\"display: none;\"></div>\\n\\","utility2-comment -->\\n\\","\\n\\","\\n\\","\\n\\","<label>stderr and stdout</label>\\n\\","<textarea class=\"resettable\" id=\"outputTextareaStdout1\" readonly></textarea>\\n\\","<!-- utility2-comment\\n\\","{{#if isRollup}}\\n\\","<script src=\"assets.app.js\"></script>\\n\\","{{#unless isRollup}}\\n\\","utility2-comment -->\\n\\","<script src=\"assets.utility2.rollup.js\"></script>\\n\\","<script src=\"jsonp.utility2._stateInit?callback=window.utility2._stateInit\"></script>\\n\\","<script src=\"assets.npmtest_hjs_webpack.rollup.js\"></script>\\n\\","<script src=\"assets.example.js\"></script>\\n\\","<script src=\"assets.test.js\"></script>\\n\\","<!-- utility2-comment\\n\\","{{/if isRollup}}\\n\\","utility2-comment -->\\n\\","<div class=\"utility2FooterDiv\">\\n\\","    [ this app was created with\\n\\","    <a href=\"https://github.com/kaizhu256/node-utility2\" target=\"_blank\">utility2</a>\\n\\","    ]\\n\\","</div>\\n\\","</body>\\n\\","</html>\\n\\","';","        /* jslint-ignore-end */","        if (local.templateRender) {","            local.assetsDict['/'] = local.templateRender(","                local.assetsDict['/assets.index.template.html'],","                {","                    env: local.objectSetDefault(local.env, {","                        npm_package_description: 'the greatest app in the world!',","                        npm_package_name: 'my-app',","                        npm_package_nameAlias: 'my_app',","                        npm_package_version: '0.0.1'","                    })","                }","            );","        } else {","            local.assetsDict['/'] = local.assetsDict['/assets.index.template.html']","                .replace((/\\{\\{env\\.(\\w+?)\\}\\}/g), function (match0, match1) {","                    // jslint-hack","                    String(match0);","                    switch (match1) {","                    case 'npm_package_description':","                        return 'the greatest app in the world!';","                    case 'npm_package_name':","                        return 'my-app';","                    case 'npm_package_nameAlias':","                        return 'my_app';","                    case 'npm_package_version':","                        return '0.0.1';","                    }","                });","        }","        // run the cli","        if (local.global.utility2_rollup || module !== require.main) {","            break;","        }","        local.assetsDict['/assets.example.js'] =","            local.assetsDict['/assets.example.js'] ||","            local.fs.readFileSync(__filename, 'utf8');","        // bug-workaround - long $npm_package_buildCustomOrg","        /* jslint-ignore-begin */","        local.assetsDict['/assets.npmtest_hjs_webpack.rollup.js'] =","            local.assetsDict['/assets.npmtest_hjs_webpack.rollup.js'] ||","            local.fs.readFileSync(","                local.npmtest_hjs_webpack.__dirname + '/lib.npmtest_hjs_webpack.js',","                'utf8'","            ).replace((/^#!/), '//');","        /* jslint-ignore-end */","        local.assetsDict['/favicon.ico'] = local.assetsDict['/favicon.ico'] || '';","        // if $npm_config_timeout_exit exists,","        // then exit this process after $npm_config_timeout_exit ms","        if (Number(process.env.npm_config_timeout_exit)) {","            setTimeout(process.exit, Number(process.env.npm_config_timeout_exit));","        }","        // start server","        if (local.global.utility2_serverHttp1) {","            break;","        }","        process.env.PORT = process.env.PORT || '8081';","        console.error('server starting on port ' + process.env.PORT);","        local.http.createServer(function (request, response) {","            request.urlParsed = local.url.parse(request.url);","            if (local.assetsDict[request.urlParsed.pathname] !== undefined) {","                response.end(local.assetsDict[request.urlParsed.pathname]);","                return;","            }","            response.statusCode = 404;","            response.end();","        }).listen(process.env.PORT);","        break;","    }","}());",""],"l":{"26":2,"28":2,"33":2,"35":2,"37":2,"38":2,"39":2,"44":1,"51":2,"55":2,"59":2,"61":2,"69":1,"70":2,"76":2,"79":2,"82":2,"83":2,"85":1,"89":2,"92":1,"93":1,"94":1,"96":1,"97":1,"100":1,"101":1,"103":1,"106":1,"108":2,"114":1,"116":1,"118":1,"123":1,"124":2,"125":2,"126":3,"127":3,"128":3,"129":3,"130":1,"133":3,"134":3,"139":3,"143":1,"144":3,"145":1,"149":1,"150":1,"158":1,"160":1,"161":1,"162":1,"164":1,"166":1,"258":1,"259":1,"271":1,"274":6,"275":6,"277":1,"279":2,"281":1,"283":2,"288":1,"289":1,"291":1,"296":1,"303":1,"306":1,"307":1,"310":1,"311":1,"313":1,"314":1,"315":1,"316":1,"317":1,"318":1,"319":1,"321":1,"322":1,"324":1}},"/home/travis/build/npmtest/node-npmtest-hjs-webpack/node_modules/hjs-webpack/index.js":{"path":"/home/travis/build/npmtest/node-npmtest-hjs-webpack/node_modules/hjs-webpack/index.js","s":{"1":1,"2":1,"3":1,"4":1,"5":1,"6":1,"7":1,"8":1,"9":1,"10":1,"11":1,"12":1,"13":1,"14":1,"15":0,"16":0,"17":0,"18":0,"19":0,"20":0,"21":0,"22":0,"23":0,"24":0,"25":0,"26":0,"27":0,"28":0,"29":0,"30":0,"31":0,"32":0,"33":0,"34":0,"35":0,"36":0,"37":0,"38":0,"39":0,"40":0,"41":0,"42":0,"43":0,"44":0,"45":0,"46":0,"47":0,"48":0,"49":0,"50":0,"51":0,"52":0,"53":0,"54":0,"55":0,"56":0,"57":1,"58":0,"59":1,"60":0,"61":0,"62":0,"63":0},"b":{"1":[1,0],"2":[0,0],"3":[0,0],"4":[0,0],"5":[0,0],"6":[0,0],"7":[0,0],"8":[0,0],"9":[0,0],"10":[0,0],"11":[0,0],"12":[0,0],"13":[0,0],"14":[0,0],"15":[0,0],"16":[0,0],"17":[0,0],"18":[0,0],"19":[0,0],"20":[0,0],"21":[0,0],"22":[0,0],"23":[0,0],"24":[0,0],"25":[0,0],"26":[0,0]},"f":{"1":0,"2":0,"3":0,"4":0,"5":0,"6":0},"fnMap":{"1":{"name":"(anonymous_1)","line":17,"loc":{"start":{"line":17,"column":17},"end":{"line":17,"column":33}}},"2":{"name":"(anonymous_2)","line":114,"loc":{"start":{"line":114,"column":34},"end":{"line":114,"column":50}}},"3":{"name":"(anonymous_3)","line":160,"loc":{"start":{"line":160,"column":34},"end":{"line":160,"column":50}}},"4":{"name":"buildFilename","line":168,"loc":{"start":{"line":168,"column":0},"end":{"line":168,"column":41}}},"5":{"name":"checkRequired","line":177,"loc":{"start":{"line":177,"column":0},"end":{"line":177,"column":30}}},"6":{"name":"(anonymous_6)","line":179,"loc":{"start":{"line":179,"column":28},"end":{"line":179,"column":44}}}},"statementMap":{"1":{"start":{"line":1,"column":0},"end":{"line":1,"column":22}},"2":{"start":{"line":2,"column":0},"end":{"line":2,"column":26}},"3":{"start":{"line":3,"column":0},"end":{"line":3,"column":30}},"4":{"start":{"line":4,"column":0},"end":{"line":4,"column":32}},"5":{"start":{"line":5,"column":0},"end":{"line":5,"column":41}},"6":{"start":{"line":6,"column":0},"end":{"line":6,"column":62}},"7":{"start":{"line":7,"column":0},"end":{"line":7,"column":43}},"8":{"start":{"line":8,"column":0},"end":{"line":8,"column":48}},"9":{"start":{"line":9,"column":0},"end":{"line":9,"column":45}},"10":{"start":{"line":10,"column":0},"end":{"line":10,"column":68}},"11":{"start":{"line":11,"column":0},"end":{"line":11,"column":64}},"12":{"start":{"line":12,"column":0},"end":{"line":12,"column":47}},"13":{"start":{"line":15,"column":0},"end":{"line":15,"column":68}},"14":{"start":{"line":17,"column":0},"end":{"line":166,"column":1}},"15":{"start":{"line":18,"column":2},"end":{"line":18,"column":21}},"16":{"start":{"line":19,"column":2},"end":{"line":19,"column":43}},"17":{"start":{"line":20,"column":2},"end":{"line":20,"column":25}},"18":{"start":{"line":23,"column":2},"end":{"line":49,"column":4}},"19":{"start":{"line":51,"column":2},"end":{"line":51,"column":41}},"20":{"start":{"line":53,"column":2},"end":{"line":55,"column":3}},"21":{"start":{"line":54,"column":4},"end":{"line":54,"column":102}},"22":{"start":{"line":57,"column":2},"end":{"line":59,"column":3}},"23":{"start":{"line":58,"column":4},"end":{"line":58,"column":107}},"24":{"start":{"line":61,"column":2},"end":{"line":61,"column":34}},"25":{"start":{"line":64,"column":2},"end":{"line":76,"column":3}},"26":{"start":{"line":65,"column":4},"end":{"line":75,"column":5}},"27":{"start":{"line":67,"column":6},"end":{"line":69,"column":7}},"28":{"start":{"line":68,"column":8},"end":{"line":68,"column":48}},"29":{"start":{"line":70,"column":6},"end":{"line":70,"column":42}},"30":{"start":{"line":71,"column":6},"end":{"line":73,"column":7}},"31":{"start":{"line":72,"column":8},"end":{"line":72,"column":47}},"32":{"start":{"line":74,"column":6},"end":{"line":74,"column":88}},"33":{"start":{"line":79,"column":2},"end":{"line":81,"column":3}},"34":{"start":{"line":80,"column":4},"end":{"line":80,"column":62}},"35":{"start":{"line":84,"column":2},"end":{"line":163,"column":3}},"36":{"start":{"line":90,"column":4},"end":{"line":90,"column":67}},"37":{"start":{"line":93,"column":4},"end":{"line":106,"column":6}},"38":{"start":{"line":109,"column":4},"end":{"line":111,"column":5}},"39":{"start":{"line":110,"column":6},"end":{"line":110,"column":38}},"40":{"start":{"line":114,"column":4},"end":{"line":116,"column":6}},"41":{"start":{"line":115,"column":6},"end":{"line":115,"column":40}},"42":{"start":{"line":119,"column":4},"end":{"line":123,"column":5}},"43":{"start":{"line":120,"column":6},"end":{"line":122,"column":7}},"44":{"start":{"line":126,"column":4},"end":{"line":145,"column":5}},"45":{"start":{"line":129,"column":6},"end":{"line":131,"column":7}},"46":{"start":{"line":130,"column":8},"end":{"line":130,"column":151}},"47":{"start":{"line":134,"column":6},"end":{"line":144,"column":7}},"48":{"start":{"line":137,"column":8},"end":{"line":139,"column":9}},"49":{"start":{"line":138,"column":10},"end":{"line":138,"column":36}},"50":{"start":{"line":140,"column":8},"end":{"line":140,"column":63}},"51":{"start":{"line":142,"column":8},"end":{"line":142,"column":33}},"52":{"start":{"line":143,"column":8},"end":{"line":143,"column":34}},"53":{"start":{"line":148,"column":4},"end":{"line":157,"column":5}},"54":{"start":{"line":160,"column":4},"end":{"line":162,"column":6}},"55":{"start":{"line":161,"column":6},"end":{"line":161,"column":47}},"56":{"start":{"line":165,"column":2},"end":{"line":165,"column":15}},"57":{"start":{"line":168,"column":0},"end":{"line":175,"column":1}},"58":{"start":{"line":169,"column":2},"end":{"line":174,"column":13}},"59":{"start":{"line":177,"column":0},"end":{"line":182,"column":1}},"60":{"start":{"line":178,"column":2},"end":{"line":178,"column":27}},"61":{"start":{"line":179,"column":2},"end":{"line":181,"column":3}},"62":{"start":{"line":179,"column":46},"end":{"line":179,"column":79}},"63":{"start":{"line":180,"column":4},"end":{"line":180,"column":81}}},"branchMap":{"1":{"line":15,"type":"binary-expr","locations":[{"start":{"line":15,"column":13},"end":{"line":15,"column":28}},{"start":{"line":15,"column":32},"end":{"line":15,"column":34}}]},"2":{"line":25,"type":"binary-expr","locations":[{"start":{"line":25,"column":21},"end":{"line":25,"column":32}},{"start":{"line":25,"column":36},"end":{"line":25,"column":38}}]},"3":{"line":44,"type":"binary-expr","locations":[{"start":{"line":44,"column":21},"end":{"line":44,"column":32}},{"start":{"line":44,"column":36},"end":{"line":44,"column":38}}]},"4":{"line":53,"type":"if","locations":[{"start":{"line":53,"column":2},"end":{"line":53,"column":2}},{"start":{"line":53,"column":2},"end":{"line":53,"column":2}}]},"5":{"line":54,"type":"cond-expr","locations":[{"start":{"line":54,"column":40},"end":{"line":54,"column":48}},{"start":{"line":54,"column":51},"end":{"line":54,"column":102}}]},"6":{"line":57,"type":"if","locations":[{"start":{"line":57,"column":2},"end":{"line":57,"column":2}},{"start":{"line":57,"column":2},"end":{"line":57,"column":2}}]},"7":{"line":58,"type":"cond-expr","locations":[{"start":{"line":58,"column":43},"end":{"line":58,"column":52}},{"start":{"line":58,"column":55},"end":{"line":58,"column":107}}]},"8":{"line":64,"type":"if","locations":[{"start":{"line":64,"column":2},"end":{"line":64,"column":2}},{"start":{"line":64,"column":2},"end":{"line":64,"column":2}}]},"9":{"line":67,"type":"if","locations":[{"start":{"line":67,"column":6},"end":{"line":67,"column":6}},{"start":{"line":67,"column":6},"end":{"line":67,"column":6}}]},"10":{"line":71,"type":"if","locations":[{"start":{"line":71,"column":6},"end":{"line":71,"column":6}},{"start":{"line":71,"column":6},"end":{"line":71,"column":6}}]},"11":{"line":79,"type":"if","locations":[{"start":{"line":79,"column":2},"end":{"line":79,"column":2}},{"start":{"line":79,"column":2},"end":{"line":79,"column":2}}]},"12":{"line":84,"type":"if","locations":[{"start":{"line":84,"column":2},"end":{"line":84,"column":2}},{"start":{"line":84,"column":2},"end":{"line":84,"column":2}}]},"13":{"line":90,"type":"binary-expr","locations":[{"start":{"line":90,"column":21},"end":{"line":90,"column":33}},{"start":{"line":90,"column":37},"end":{"line":90,"column":67}}]},"14":{"line":105,"type":"binary-expr","locations":[{"start":{"line":105,"column":16},"end":{"line":105,"column":29}},{"start":{"line":105,"column":33},"end":{"line":105,"column":42}}]},"15":{"line":109,"type":"if","locations":[{"start":{"line":109,"column":4},"end":{"line":109,"column":4}},{"start":{"line":109,"column":4},"end":{"line":109,"column":4}}]},"16":{"line":119,"type":"if","locations":[{"start":{"line":119,"column":4},"end":{"line":119,"column":4}},{"start":{"line":119,"column":4},"end":{"line":119,"column":4}}]},"17":{"line":126,"type":"if","locations":[{"start":{"line":126,"column":4},"end":{"line":126,"column":4}},{"start":{"line":126,"column":4},"end":{"line":126,"column":4}}]},"18":{"line":129,"type":"if","locations":[{"start":{"line":129,"column":6},"end":{"line":129,"column":6}},{"start":{"line":129,"column":6},"end":{"line":129,"column":6}}]},"19":{"line":134,"type":"if","locations":[{"start":{"line":134,"column":6},"end":{"line":134,"column":6}},{"start":{"line":134,"column":6},"end":{"line":134,"column":6}}]},"20":{"line":137,"type":"if","locations":[{"start":{"line":137,"column":8},"end":{"line":137,"column":8}},{"start":{"line":137,"column":8},"end":{"line":137,"column":8}}]},"21":{"line":155,"type":"binary-expr","locations":[{"start":{"line":155,"column":47},"end":{"line":155,"column":67}},{"start":{"line":155,"column":71},"end":{"line":155,"column":83}}]},"22":{"line":172,"type":"cond-expr","locations":[{"start":{"line":172,"column":12},"end":{"line":172,"column":54}},{"start":{"line":172,"column":58},"end":{"line":172,"column":70}}]},"23":{"line":172,"type":"cond-expr","locations":[{"start":{"line":172,"column":28},"end":{"line":172,"column":43}},{"start":{"line":172,"column":46},"end":{"line":172,"column":54}}]},"24":{"line":173,"type":"binary-expr","locations":[{"start":{"line":173,"column":4},"end":{"line":173,"column":7}},{"start":{"line":173,"column":11},"end":{"line":173,"column":15}}]},"25":{"line":179,"type":"if","locations":[{"start":{"line":179,"column":2},"end":{"line":179,"column":2}},{"start":{"line":179,"column":2},"end":{"line":179,"column":2}}]},"26":{"line":179,"type":"binary-expr","locations":[{"start":{"line":179,"column":6},"end":{"line":179,"column":11}},{"start":{"line":179,"column":15},"end":{"line":179,"column":81}}]}},"code":["var fs = require('fs')","var path = require('path')","var rimraf = require('rimraf')","var webpack = require('webpack')","var defaults = require('lodash.defaults')","var ExtractTextPlugin = require('extract-text-webpack-plugin')","var containsPath = require('contains-path')","var getBaseConfig = require('./lib/base-config')","var getPackage = require('./lib/get-package')","var installedStyleLoaders = require('./lib/installed-style-loaders')","var installedHotLoaders = require('./lib/installed-hot-loaders')","var isInstalled = require('./lib/is-installed')","","// default to `true` if running `hjs-dev-server`","var isDev = (process.argv[1] || '').indexOf('hjs-dev-server') !== -1","","module.exports = function (opts) {","  checkRequired(opts)","  var outputFolder = path.resolve(opts.out)","  var cwd = process.cwd()","","  // add in our defaults","  var spec = defaults(opts, {","    entry: path.resolve(opts.in),","    output: defaults(opts.output || {}, {","      path: outputFolder + '/',","      filename: null,","      cssFilename: null,","      hash: false,","      publicPath: '/'","    }),","    configFile: null,","    isDev: isDev,","    package: null,","    replace: null,","    https: false,","    port: 3000,","    hostname: 'localhost',","    html: true,","    urlLoaderLimit: 10000,","    clearBeforeBuild: false,","    serveCustomHtmlInDev: true,","    devServer: {},","    uglify: defaults(opts.uglify || {}, {","      output: {","        comments: false","      }","    })","  })","","  spec.package = getPackage(spec.package)","","  if (!spec.output.filename) {","    spec.output.filename = spec.isDev ? 'app.js' : buildFilename(spec.package, spec.output.hash, 'js')","  }","","  if (!spec.output.cssFilename) {","    spec.output.cssFilename = spec.isDev ? 'app.css' : buildFilename(spec.package, spec.output.hash, 'css')","  }","","  var config = getBaseConfig(spec)","","  // check for any module replacements","  if (spec.replace) {","    for (var item in spec.replace) {","      // allow for simple strings","      if (typeof item === 'string') {","        var regex = new RegExp('^' + item + '$')","      }","      var newResource = spec.replace[item]","      if (typeof newResource === 'string') {","        newResource = path.resolve(newResource)","      }","      config.plugins.push(new webpack.NormalModuleReplacementPlugin(regex, newResource))","    }","  }","","  // check for any module definitions","  if (spec.define) {","    config.plugins.push(new webpack.DefinePlugin(spec.define))","  }","","  // dev specific stuff","  if (spec.isDev) {","    // debugging option","    // https://webpack.github.io/docs/configuration.html#devtool","    // https://github.com/HenrikJoreteg/hjs-webpack/issues/63","    // Supports original code (before transforms) with pretty good initial","    // build speed and good rebuild speed","    config.devtool = spec.devtool || 'cheap-module-eval-source-map'","","    // Create our dev server config for use in bin/hjs-dev-server","    config.devServer = defaults(spec.devServer, {","      // For webpack-dev-middleware","      noInfo: true,","      quiet: false,","      lazy: false,","      publicPath: spec.output.publicPath,","      // Our own options for hjs-dev-server","      historyApiFallback: true,","      hot: true,","      contentBase: outputFolder,","      port: spec.port,","      https: spec.https,","      hostname: spec.hostname || spec.host","    })","","    // Enable Webpack HMR unless explictly disabled","    if (config.devServer.hot) {","      installedHotLoaders.load(config)","    }","","    // Add optional loaders","    installedStyleLoaders.forEach(function (item) {","      config.module.rules.push(item.dev)","    })","","    // Add visualizer plugin","    if (isInstalled('webpack-visualizer-plugin')) {","      config.plugins.push(","        new (require('webpack-visualizer-plugin'))()","      )","    }","  } else {","    // clear out output folder if so configured","    if (spec.clearBeforeBuild) {","      // Throw error if trying to clear output directory but it contains the cwd","      // See https://github.com/HenrikJoreteg/hjs-webpack/issues/186","      if (containsPath(cwd, outputFolder)) {","        throw new Error('Cannot clear out directory since it contains the current working directory.\\nTried to clear ' + outputFolder + ' from ' + cwd)","      }","","      // allow passing a glob (limit to within folder though)","      if (typeof spec.clearBeforeBuild === 'string') {","        // create the output folder if it doesn't exist","        // just for convenience","        if (!fs.existsSync(outputFolder)) {","          fs.mkdirSync(outputFolder)","        }","        rimraf.sync(outputFolder + '/' + spec.clearBeforeBuild)","      } else {","        rimraf.sync(outputFolder)","        fs.mkdirSync(outputFolder)","      }","    }","","    // minify in production","    config.plugins.push(","      new webpack.optimize.UglifyJsPlugin(spec.uglify),","      new ExtractTextPlugin({","        filename: spec.output.cssFilename,","        allChunks: true","      }),","      new webpack.DefinePlugin({","        'process.env.NODE_ENV': JSON.stringify(process.env.NODE_ENV || 'production')","      })","    )","","    // Add optional loaders","    installedStyleLoaders.forEach(function (item) {","      config.module.rules.push(item.production)","    })","  }","","  return config","}","","function buildFilename (pack, hash, ext) {","  return [","    pack.name,","    // extract-text-plugin uses [contenthash] and webpack uses [hash]","    hash ? (ext === 'css' ? '[contenthash]' : '[hash]') : pack.version,","    ext || 'js'","  ].join('.')","}","","function checkRequired (opts) {","  var props = ['out', 'in']","  if (!opts || !props.every(function (prop) { return opts.hasOwnProperty(prop) })) {","    throw new Error('Must pass in options object with `in` and `out` properties')","  }","}",""],"l":{"1":1,"2":1,"3":1,"4":1,"5":1,"6":1,"7":1,"8":1,"9":1,"10":1,"11":1,"12":1,"15":1,"17":1,"18":0,"19":0,"20":0,"23":0,"51":0,"53":0,"54":0,"57":0,"58":0,"61":0,"64":0,"65":0,"67":0,"68":0,"70":0,"71":0,"72":0,"74":0,"79":0,"80":0,"84":0,"90":0,"93":0,"109":0,"110":0,"114":0,"115":0,"119":0,"120":0,"126":0,"129":0,"130":0,"134":0,"137":0,"138":0,"140":0,"142":0,"143":0,"148":0,"160":0,"161":0,"165":0,"168":1,"169":0,"177":1,"178":0,"179":0,"180":0}},"/home/travis/build/npmtest/node-npmtest-hjs-webpack/node_modules/hjs-webpack/lib/base-config.js":{"path":"/home/travis/build/npmtest/node-npmtest-hjs-webpack/node_modules/hjs-webpack/lib/base-config.js","s":{"1":1,"2":1,"3":1,"4":1,"5":0,"6":0,"7":0,"8":0,"9":0,"10":0},"b":{"1":[0,0]},"f":{"1":0,"2":0},"fnMap":{"1":{"name":"getBaseConfig","line":5,"loc":{"start":{"line":5,"column":17},"end":{"line":5,"column":47}}},"2":{"name":"(anonymous_2)","line":167,"loc":{"start":{"line":167,"column":30},"end":{"line":167,"column":46}}}},"statementMap":{"1":{"start":{"line":1,"column":0},"end":{"line":1,"column":41}},"2":{"start":{"line":2,"column":0},"end":{"line":2,"column":33}},"3":{"start":{"line":3,"column":0},"end":{"line":3,"column":43}},"4":{"start":{"line":5,"column":0},"end":{"line":174,"column":1}},"5":{"start":{"line":6,"column":2},"end":{"line":33,"column":3}},"6":{"start":{"line":35,"column":2},"end":{"line":164,"column":3}},"7":{"start":{"line":167,"column":2},"end":{"line":171,"column":4}},"8":{"start":{"line":168,"column":4},"end":{"line":170,"column":5}},"9":{"start":{"line":169,"column":6},"end":{"line":169,"column":47}},"10":{"start":{"line":173,"column":2},"end":{"line":173,"column":19}}},"branchMap":{"1":{"line":168,"type":"if","locations":[{"start":{"line":168,"column":4},"end":{"line":168,"column":4}},{"start":{"line":168,"column":4},"end":{"line":168,"column":4}}]}},"code":["var HtmlPlugin = require('./html-plugin')","var pick = require('lodash.pick')","var isInstalled = require('./is-installed')","","module.exports = function getBaseConfig (spec) {","  var baseConfig = {","    entry: [","      spec.entry","    ],","    output: {","      filename: spec.output.filename,","      path: spec.output.path,","      publicPath: spec.output.publicPath","    },","    resolve: {","      extensions: [","        '.js',","        '.jsx',","        '.json'","      ]","    },","    plugins: [","      new HtmlPlugin(pick(spec, [","        'html',","        'isDev',","        'serveCustomHtmlInDev',","        'package'","      ]))","    ],","    module: {","      rules: []","    }","  }","","  var optionalBaseLoaders = [","    {","      pkg: 'worker-loader',","      config: {","        test: /(^|\\.)worker\\.js$/,","        exclude: /node_modules/,","        use: ['worker-loader']","      }","    },","    {","      pkg: 'worker-loader',","      config: {","        test: /(^|\\.)thread\\.js$/,","        exclude: /node_modules/,","        use: [","            { loader: 'worker-loader', options: { inline: true } }","        ]","      }","    },","    {","      pkg: 'babel-loader',","      config: {","        test: /\\.(js|jsx|babel)$/,","        exclude: /node_modules/,","        use: ['babel-loader']","      }","    },","    {","      pkg: 'coffee-loader',","      config: {","        test: /\\.coffee$/,","        use: ['coffee-loader']","      }","    },","    {","      pkg: 'cjsx-loader',","      config: {","        test: /\\.cjsx$/,","        use: ['coffee-loader', 'cjsx-loader']","      }","    },","    {","      pkg: 'awesome-typescript-loader',","      config: {","        test: /\\.(ts|tsx)$/,","        use: ['awesome-typescript-loader']","      }","    },","    {","      pkg: 'livescript-loader',","      config: {","        test: /\\.ls$/,","        use: ['livescript-loader']","      }","    },","    {","      pkg: 'url-loader',","      config: {","        test: /\\.otf(\\?\\S*)?$/,","        use: [{","          loader: 'url-loader',","          options: { limit: spec.urlLoaderLimit }","        }]","      }","    },","    {","      pkg: 'url-loader',","      config: {","        test: /\\.eot(\\?\\S*)?$/,","        use: [{","          loader: 'url-loader',","          options: { limit: spec.urlLoaderLimit }","        }]","      }","    },","    {","      pkg: 'url-loader',","      config: {","        test: /\\.svg(\\?\\S*)?$/,","        use: [{","          loader: 'url-loader',","          options: { mimetype: 'image/svg+xml', limit: spec.urlLoaderLimit }","        }]","      }","    },","    {","      pkg: 'url-loader',","      config: {","        test: /\\.ttf(\\?\\S*)?$/,","        use: [{","          loader: 'url-loader',","          options: { mimetype: 'application/octet-stream', limit: spec.urlLoaderLimit }","        }]","      }","    },","    {","      pkg: 'url-loader',","      config: {","        test: /\\.woff2?(\\?\\S*)?$/,","        use: [{","          loader: 'url-loader',","          options: { mimetype: 'application/font-woff', limit: spec.urlLoaderLimit }","        }]","      }","    },","    {","      pkg: 'url-loader',","      config: {","        test: /\\.(jpe?g|png|gif)$/,","        use: [{","          loader: 'url-loader',","          options: { limit: spec.urlLoaderLimit }","        }]","      }","    },","    {","      pkg: 'jade-loader',","      config: {","        test: /\\.jade$/,","        use: ['jade-loader']","      }","    },","    {","      pkg: 'pug-loader',","      config: {","        test: /\\.(pug|jade)$/,","        use: ['pug-loader']","      }","    }","  ]","","  // Add optional","  optionalBaseLoaders.forEach(function (item) {","    if (isInstalled(item.pkg)) {","      baseConfig.module.rules.push(item.config)","    }","  })","","  return baseConfig","}",""],"l":{"1":1,"2":1,"3":1,"5":1,"6":0,"35":0,"167":0,"168":0,"169":0,"173":0}},"/home/travis/build/npmtest/node-npmtest-hjs-webpack/node_modules/hjs-webpack/lib/html-plugin.js":{"path":"/home/travis/build/npmtest/node-npmtest-hjs-webpack/node_modules/hjs-webpack/lib/html-plugin.js","s":{"1":1,"2":1,"3":0,"4":0,"5":0,"6":0,"7":0,"8":0,"9":0,"10":0,"11":0,"12":0,"13":0,"14":0,"15":0,"16":0,"17":0,"18":0,"19":0,"20":0,"21":0,"22":0,"23":0,"24":0,"25":0,"26":0,"27":0,"28":0,"29":0,"30":0,"31":0,"32":1,"33":0,"34":0,"35":1,"36":0,"37":0,"38":0,"39":0,"40":0,"41":0,"42":0,"43":0,"44":0,"45":0,"46":0,"47":0,"48":0,"49":0,"50":0,"51":0,"52":0,"53":0,"54":0,"55":0,"56":0,"57":0,"58":0,"59":0,"60":0,"61":0,"62":1,"63":0,"64":0,"65":0,"66":0,"67":0,"68":0,"69":0,"70":0,"71":0,"72":0,"73":0,"74":0,"75":0,"76":1,"77":0,"78":0,"79":0,"80":0,"81":0,"82":0,"83":0,"84":0,"85":0,"86":0,"87":1},"b":{"1":[0,0],"2":[0,0],"3":[0,0],"4":[0,0],"5":[0,0],"6":[0,0],"7":[0,0],"8":[0,0],"9":[0,0],"10":[0,0],"11":[0,0],"12":[0,0],"13":[0,0,0],"14":[0,0],"15":[0,0],"16":[0,0],"17":[0,0],"18":[0,0],"19":[0,0],"20":[0,0],"21":[0,0]},"f":{"1":0,"2":0,"3":0,"4":0,"5":0,"6":0,"7":0,"8":0,"9":0,"10":0,"11":0,"12":0},"fnMap":{"1":{"name":"defaultHtml","line":4,"loc":{"start":{"line":4,"column":0},"end":{"line":4,"column":36}}},"2":{"name":"(anonymous_2)","line":14,"loc":{"start":{"line":14,"column":12},"end":{"line":14,"column":24}}},"3":{"name":"HJSPlugin","line":57,"loc":{"start":{"line":57,"column":0},"end":{"line":57,"column":29}}},"4":{"name":"(anonymous_4)","line":62,"loc":{"start":{"line":62,"column":28},"end":{"line":62,"column":48}}},"5":{"name":"(anonymous_5)","line":79,"loc":{"start":{"line":79,"column":26},"end":{"line":79,"column":56}}},"6":{"name":"(anonymous_6)","line":88,"loc":{"start":{"line":88,"column":30},"end":{"line":88,"column":46}}},"7":{"name":"(anonymous_7)","line":104,"loc":{"start":{"line":104,"column":28},"end":{"line":104,"column":51}}},"8":{"name":"(anonymous_8)","line":118,"loc":{"start":{"line":118,"column":32},"end":{"line":118,"column":58}}},"9":{"name":"(anonymous_9)","line":133,"loc":{"start":{"line":133,"column":29},"end":{"line":133,"column":46}}},"10":{"name":"(anonymous_10)","line":135,"loc":{"start":{"line":135,"column":16},"end":{"line":135,"column":28}}},"11":{"name":"(anonymous_11)","line":138,"loc":{"start":{"line":138,"column":14},"end":{"line":138,"column":26}}},"12":{"name":"(anonymous_12)","line":146,"loc":{"start":{"line":146,"column":32},"end":{"line":146,"column":44}}}},"statementMap":{"1":{"start":{"line":1,"column":0},"end":{"line":1,"column":37}},"2":{"start":{"line":4,"column":0},"end":{"line":54,"column":1}},"3":{"start":{"line":5,"column":2},"end":{"line":12,"column":18}},"4":{"start":{"line":13,"column":2},"end":{"line":13,"column":34}},"5":{"start":{"line":14,"column":2},"end":{"line":16,"column":3}},"6":{"start":{"line":15,"column":4},"end":{"line":15,"column":40}},"7":{"start":{"line":18,"column":2},"end":{"line":20,"column":3}},"8":{"start":{"line":19,"column":4},"end":{"line":19,"column":42}},"9":{"start":{"line":21,"column":2},"end":{"line":21,"column":15}},"10":{"start":{"line":22,"column":2},"end":{"line":22,"column":47}},"11":{"start":{"line":23,"column":2},"end":{"line":28,"column":3}},"12":{"start":{"line":24,"column":4},"end":{"line":24,"column":64}},"13":{"start":{"line":25,"column":4},"end":{"line":27,"column":42}},"14":{"start":{"line":29,"column":2},"end":{"line":33,"column":3}},"15":{"start":{"line":30,"column":4},"end":{"line":32,"column":5}},"16":{"start":{"line":31,"column":6},"end":{"line":31,"column":76}},"17":{"start":{"line":34,"column":2},"end":{"line":36,"column":3}},"18":{"start":{"line":35,"column":4},"end":{"line":35,"column":44}},"19":{"start":{"line":37,"column":2},"end":{"line":39,"column":3}},"20":{"start":{"line":38,"column":4},"end":{"line":38,"column":77}},"21":{"start":{"line":40,"column":2},"end":{"line":42,"column":3}},"22":{"start":{"line":41,"column":4},"end":{"line":41,"column":18}},"23":{"start":{"line":43,"column":2},"end":{"line":43,"column":16}},"24":{"start":{"line":44,"column":2},"end":{"line":44,"column":15}},"25":{"start":{"line":45,"column":2},"end":{"line":47,"column":3}},"26":{"start":{"line":46,"column":4},"end":{"line":46,"column":18}},"27":{"start":{"line":48,"column":2},"end":{"line":48,"column":68}},"28":{"start":{"line":49,"column":2},"end":{"line":49,"column":16}},"29":{"start":{"line":50,"column":2},"end":{"line":52,"column":3}},"30":{"start":{"line":51,"column":4},"end":{"line":51,"column":18}},"31":{"start":{"line":53,"column":2},"end":{"line":53,"column":24}},"32":{"start":{"line":57,"column":0},"end":{"line":60,"column":1}},"33":{"start":{"line":58,"column":2},"end":{"line":58,"column":29}},"34":{"start":{"line":59,"column":2},"end":{"line":59,"column":50}},"35":{"start":{"line":62,"column":0},"end":{"line":114,"column":1}},"36":{"start":{"line":63,"column":2},"end":{"line":63,"column":17}},"37":{"start":{"line":64,"column":2},"end":{"line":64,"column":37}},"38":{"start":{"line":65,"column":2},"end":{"line":65,"column":31}},"39":{"start":{"line":66,"column":2},"end":{"line":66,"column":61}},"40":{"start":{"line":71,"column":2},"end":{"line":75,"column":3}},"41":{"start":{"line":72,"column":4},"end":{"line":72,"column":30}},"42":{"start":{"line":73,"column":9},"end":{"line":75,"column":3}},"43":{"start":{"line":74,"column":4},"end":{"line":74,"column":10}},"44":{"start":{"line":77,"column":2},"end":{"line":77,"column":26}},"45":{"start":{"line":79,"column":2},"end":{"line":113,"column":4}},"46":{"start":{"line":81,"column":4},"end":{"line":81,"column":45}},"47":{"start":{"line":82,"column":4},"end":{"line":82,"column":34}},"48":{"start":{"line":88,"column":4},"end":{"line":91,"column":5}},"49":{"start":{"line":89,"column":6},"end":{"line":89,"column":50}},"50":{"start":{"line":90,"column":6},"end":{"line":90,"column":38}},"51":{"start":{"line":94,"column":4},"end":{"line":94,"column":41}},"52":{"start":{"line":97,"column":4},"end":{"line":97,"column":30}},"53":{"start":{"line":100,"column":4},"end":{"line":100,"column":37}},"54":{"start":{"line":103,"column":4},"end":{"line":112,"column":5}},"55":{"start":{"line":104,"column":6},"end":{"line":108,"column":8}},"56":{"start":{"line":105,"column":8},"end":{"line":105,"column":26}},"57":{"start":{"line":105,"column":17},"end":{"line":105,"column":26}},"58":{"start":{"line":106,"column":8},"end":{"line":106,"column":40}},"59":{"start":{"line":107,"column":8},"end":{"line":107,"column":18}},"60":{"start":{"line":110,"column":6},"end":{"line":110,"column":53}},"61":{"start":{"line":111,"column":6},"end":{"line":111,"column":16}},"62":{"start":{"line":118,"column":0},"end":{"line":144,"column":1}},"63":{"start":{"line":119,"column":2},"end":{"line":119,"column":28}},"64":{"start":{"line":120,"column":2},"end":{"line":120,"column":11}},"65":{"start":{"line":123,"column":2},"end":{"line":130,"column":3}},"66":{"start":{"line":124,"column":4},"end":{"line":124,"column":14}},"67":{"start":{"line":125,"column":4},"end":{"line":125,"column":31}},"68":{"start":{"line":126,"column":9},"end":{"line":130,"column":3}},"69":{"start":{"line":127,"column":4},"end":{"line":127,"column":16}},"70":{"start":{"line":129,"column":4},"end":{"line":129,"column":80}},"71":{"start":{"line":132,"column":2},"end":{"line":143,"column":3}},"72":{"start":{"line":133,"column":4},"end":{"line":142,"column":19}},"73":{"start":{"line":134,"column":6},"end":{"line":141,"column":7}},"74":{"start":{"line":136,"column":10},"end":{"line":136,"column":22}},"75":{"start":{"line":139,"column":10},"end":{"line":139,"column":29}},"76":{"start":{"line":146,"column":0},"end":{"line":168,"column":1}},"77":{"start":
[...]
line":1,"column":62}},"2":{"start":{"line":2,"column":0},"end":{"line":2,"column":43}},"3":{"start":{"line":4,"column":0},"end":{"line":4,"column":23}},"4":{"start":{"line":5,"column":0},"end":{"line":5,"column":58}},"5":{"start":{"line":7,"column":0},"end":{"line":30,"column":1}},"6":{"start":{"line":9,"column":2},"end":{"line":9,"column":64}},"7":{"start":{"line":13,"column":2},"end":{"line":25,"column":3}},"8":{"start":{"line":14,"column":4},"end":{"line":16,"column":6}},"9":{"start":{"line":15,"column":6},"end":{"line":15,"column":52}},"10":{"start":{"line":18,"column":4},"end":{"line":24,"column":5}},"11":{"start":{"line":19,"column":6},"end":{"line":23,"column":7}},"12":{"start":{"line":20,"column":8},"end":{"line":20,"column":58}},"13":{"start":{"line":22,"column":8},"end":{"line":22,"column":60}},"14":{"start":{"line":27,"column":2},"end":{"line":29,"column":3}},"15":{"start":{"line":32,"column":0},"end":{"line":35,"column":1}},"16":{"start":{"line":37,"column":0},"end":{"line":42,"column":1}},"17":{"start":{"line":44,"column":0},"end":{"line":44,"column":25}},"18":{"start":{"line":45,"column":0},"end":{"line":45,"column":66}},"19":{"start":{"line":46,"column":0},"end":{"line":58,"column":1}},"20":{"start":{"line":64,"column":0},"end":{"line":135,"column":1}},"21":{"start":{"line":138,"column":0},"end":{"line":138,"column":60}},"22":{"start":{"line":139,"column":0},"end":{"line":139,"column":60}},"23":{"start":{"line":141,"column":0},"end":{"line":145,"column":1}},"24":{"start":{"line":142,"column":2},"end":{"line":142,"column":100}},"25":{"start":{"line":144,"column":2},"end":{"line":144,"column":35}},"26":{"start":{"line":147,"column":0},"end":{"line":155,"column":6}},"27":{"start":{"line":148,"column":32},"end":{"line":148,"column":63}},"28":{"start":{"line":150,"column":6},"end":{"line":154,"column":7}},"29":{"start":{"line":151,"column":8},"end":{"line":151,"column":44}},"30":{"start":{"line":153,"column":8},"end":{"line":153,"column":127}},"31":{"start":{"line":157,"column":0},"end":{"line":157,"column":33}}},"branchMap":{"1":{"line":13,"type":"if","locations":[{"start":{"line":13,"column":2},"end":{"line":13,"column":2}},{"start":{"line":13,"column":2},"end":{"line":13,"column":2}}]},"2":{"line":14,"type":"binary-expr","locations":[{"start":{"line":14,"column":41},"end":{"line":14,"column":64}},{"start":{"line":14,"column":68},"end":{"line":16,"column":6}}]},"3":{"line":18,"type":"if","locations":[{"start":{"line":18,"column":4},"end":{"line":18,"column":4}},{"start":{"line":18,"column":4},"end":{"line":18,"column":4}}]},"4":{"line":19,"type":"if","locations":[{"start":{"line":19,"column":6},"end":{"line":19,"column":6}},{"start":{"line":19,"column":6},"end":{"line":19,"column":6}}]},"5":{"line":28,"type":"cond-expr","locations":[{"start":{"line":28,"column":40},"end":{"line":28,"column":65}},{"start":{"line":28,"column":68},"end":{"line":28,"column":70}}]},"6":{"line":40,"type":"cond-expr","locations":[{"start":{"line":40,"column":34},"end":{"line":40,"column":56}},{"start":{"line":40,"column":59},"end":{"line":40,"column":61}}]},"7":{"line":141,"type":"if","locations":[{"start":{"line":141,"column":0},"end":{"line":141,"column":0}},{"start":{"line":141,"column":0},"end":{"line":141,"column":0}}]},"8":{"line":141,"type":"binary-expr","locations":[{"start":{"line":141,"column":4},"end":{"line":141,"column":28}},{"start":{"line":141,"column":32},"end":{"line":141,"column":56}}]},"9":{"line":150,"type":"if","locations":[{"start":{"line":150,"column":6},"end":{"line":150,"column":6}},{"start":{"line":150,"column":6},"end":{"line":150,"column":6}}]}},"code":["var ExtractTextPlugin = require('extract-text-webpack-plugin')","var isInstalled = require('./is-installed')","","var postCssOptions = {}","var hasInstalledAutoprefixer = isInstalled('autoprefixer')","","try {","  // look for a config file and use its contents","  postCssOptions = require(process.cwd() + '/postcss.config.js')","","  // our label says autoprefixer is included, so we should support that","  // plugin not being defined even if there is a config file","  if (hasInstalledAutoprefixer) {","    var isMissingAutoprefixerInPlugins = !postCssOptions.plugins || !postCssOptions.plugins.includes(function (plugin) {","      return plugin.postcssPlugin === 'autoprefixer'","    })","","    if (isMissingAutoprefixerInPlugins) {","      if (!postCssOptions.plugins) {","        postCssOptions.plugins = [require('autoprefixer')]","      } else {","        postCssOptions.plugins.push(require('autoprefixer'))","      }","    }","  }","} catch (e) {","  postCssOptions = {","    plugins: hasInstalledAutoprefixer ? [require('autoprefixer')] : []","  }","}","","var postcssLoaderWithPlugins = {","  loader: 'postcss-loader',","  options: postCssOptions","}","","var stylusLoaderWithPlugins = {","  loader: 'stylus-loader',","  options: {","    use: isInstalled('yeticss') ? [require('yeticss')()] : []","  }","}","","var installedLoaders = []","var baseLoaders = ['style-loader', 'css-loader', 'postcss-loader']","var baseConfig = {","  dev: {","    test: /\\.css$/,","    use: ['style-loader', 'css-loader', postcssLoaderWithPlugins]","  },","  production: {","    test: /\\.css$/,","    use: ExtractTextPlugin.extract({","      fallback: 'style-loader',","      use: ['css-loader', postcssLoaderWithPlugins]","    })","  }","}","","// All optional loader plugins are listed here","// `pkg` is the npm name of the loaders","// `config` contains a webpack loader config for development and production","","var styleLoaders = [","  {","    pkg: 'stylus-loader',","    config: {","      dev: {","        test: /\\.styl$/,","        use: ['style-loader', 'css-loader', postcssLoaderWithPlugins, stylusLoaderWithPlugins]","      },","      production: {","        test: /\\.styl$/,","        use: ExtractTextPlugin.extract({","          fallback: 'style-loader',","          use: ['css-loader', postcssLoaderWithPlugins, stylusLoaderWithPlugins]","        })","      }","    }","  },","  {","    pkg: 'less-loader',","    config: {","      dev: {","        test: /\\.less$/,","        use: ['style-loader', 'css-loader', postcssLoaderWithPlugins, 'less-loader']","      },","      production: {","        test: /\\.less$/,","        use: ExtractTextPlugin.extract({","          fallback: 'style-loader',","          use: ['css-loader', postcssLoaderWithPlugins, 'less-loader']","        })","      }","    }","  },","  {","    pkg: 'sass-loader',","    config: {","      dev: {","        test: /\\.scss$/,","        use: ['style-loader', 'css-loader', postcssLoaderWithPlugins, 'sass-loader']","      },","      production: {","        test: /\\.scss$/,","        use: ExtractTextPlugin.extract({","          fallback: 'style-loader',","          use: ['css-loader', postcssLoaderWithPlugins, 'sass-loader']","        })","      }","    }","  },","  {","    pkg: 'sass-loader',","    config: {","      dev: {","        test: /\\.sass$/,","        use: [","          'style-loader', 'css-loader', postcssLoaderWithPlugins,","            { loader: 'sass-loader', options: { indentedSyntax: true } }","        ]","      },","      production: {","        test: /\\.sass$/,","        use: ExtractTextPlugin.extract({","          fallback: 'style-loader',","          use: [","            'css-loader', postcssLoaderWithPlugins,","                { loader: 'sass-loader', options: { indentedSyntax: true } }","          ]","        })","      }","    }","  }","]","","// First check if any but not all of the base loaders are installed","var someBaseLoadersInstalled = baseLoaders.some(isInstalled)","var allBaseLoadersInstalled = baseLoaders.every(isInstalled)","","if (someBaseLoadersInstalled && !allBaseLoadersInstalled) {","  throw new Error('The following loaders must all be installed together: ' + baseLoaders.join(', '))","} else {","  installedLoaders.push(baseConfig)","}","","styleLoaders","    .filter(function (loader) { return isInstalled(loader.pkg) })","    .forEach(function (loader) {","      if (allBaseLoadersInstalled) {","        installedLoaders.push(loader.config)","      } else {","        throw new Error('The loader ' + loader.pkg + ' needs the following loaders to be installed: ' + baseLoaders.join(', '))","      }","    })","","module.exports = installedLoaders",""],"l":{"1":1,"2":1,"4":1,"5":1,"7":1,"9":1,"13":0,"14":0,"15":0,"18":0,"19":0,"20":0,"22":0,"27":1,"32":1,"37":1,"44":1,"45":1,"46":1,"64":1,"138":1,"139":1,"141":1,"142":0,"144":1,"147":1,"148":4,"150":0,"151":0,"153":0,"157":1}},"/home/travis/build/npmtest/node-npmtest-hjs-webpack/node_modules/hjs-webpack/lib/installed-hot-loaders.js":{"path":"/home/travis/build/npmtest/node-npmtest-hjs-webpack/node_modules/hjs-webpack/lib/installed-hot-loaders.js","s":{"1":1,"2":1,"3":1,"4":0,"5":0,"6":1},"b":{},"f":{"1":0},"fnMap":{"1":{"name":"load","line":4,"loc":{"start":{"line":4,"column":0},"end":{"line":4,"column":23}}}},"statementMap":{"1":{"start":{"line":1,"column":0},"end":{"line":1,"column":32}},"2":{"start":{"line":2,"column":0},"end":{"line":2,"column":26}},"3":{"start":{"line":4,"column":0},"end":{"line":16,"column":1}},"4":{"start":{"line":6,"column":2},"end":{"line":9,"column":3}},"5":{"start":{"line":12,"column":2},"end":{"line":15,"column":4}},"6":{"start":{"line":18,"column":0},"end":{"line":20,"column":1}}},"branchMap":{},"code":["var webpack = require('webpack')","var path = require('path')","","function load (config) {","  // add hot loading clientside code","  config.entry.unshift(","    // Full path to webpack-hot-middleware so it works in npm2 and npm3","    path.join(path.dirname(require.resolve('webpack-hot-middleware')), 'client')","  )","","  // add dev plugins","  config.plugins = config.plugins.concat([","    new webpack.HotModuleReplacementPlugin(),","    new webpack.NoEmitOnErrorsPlugin()","  ])","}","","module.exports = {","  load: load","}",""],"l":{"1":1,"2":1,"4":1,"6":0,"12":0,"18":1}},"/home/travis/build/npmtest/node-npmtest-hjs-webpack/node_modules/hjs-webpack/bin/hjs-dev-server.js":{"path":"/home/travis/build/npmtest/node-npmtest-hjs-webpack/node_modules/hjs-webpack/bin/hjs-dev-server.js","s":{"1":2,"2":2,"3":2,"4":2,"5":2,"6":2,"7":2,"8":2,"9":2,"10":2,"11":2,"12":2,"13":2,"14":2,"15":2,"16":0,"17":0,"18":0,"19":0,"20":0,"21":0,"22":0,"23":0,"24":0,"25":0,"26":0,"27":0,"28":0,"29":0,"30":0,"31":0,"32":0,"33":0,"34":0,"35":0,"36":0,"37":0,"38":0,"39":0,"40":0,"41":0,"42":0,"43":0,"44":0,"45":0,"46":0,"47":0,"48":0,"49":0,"50":0,"51":0,"52":0,"53":0,"54":0},"b":{"1":[2,2],"2":[0,0],"3":[0,0],"4":[0,0],"5":[0,0],"6":[0,0],"7":[0,0],"8":[0,0],"9":[0,0],"10":[0,0],"11":[0,0],"12":[0,0]},"f":{"1":0,"2":0,"3":0,"4":0},"fnMap":{"1":{"name":"(anonymous_1)","line":59,"loc":{"start":{"line":59,"column":29},"end":{"line":59,"column":52}}},"2":{"name":"(anonymous_2)","line":61,"loc":{"start":{"line":61,"column":12},"end":{"line":61,"column":38}}},"3":{"name":"(anonymous_3)","line":80,"loc":{"start":{"line":80,"column":25},"end":{"line":80,"column":51}}},"4":{"name":"(anonymous_4)","line":91,"loc":{"start":{"line":91,"column":56},"end":{"line":91,"column":71}}}},"statementMap":{"1":{"start":{"line":6,"column":0},"end":{"line":6,"column":22}},"2":{"start":{"line":7,"column":0},"end":{"line":7,"column":26}},"3":{"start":{"line":8,"column":0},"end":{"line":8,"column":32}},"4":{"start":{"line":9,"column":0},"end":{"line":9,"column":32}},"5":{"start":{"line":10,"column":0},"end":{"line":10,"column":37}},"6":{"start":{"line":11,"column":0},"end":{"line":11,"column":37}},"7":{"start":{"line":12,"column":0},"end":{"line":12,"column":58}},"8":{"start":{"line":14,"column":0},"end":{"line":14,"column":55}},"9":{"start":{"line":15,"column":0},"end":{"line":15,"column":10}},"10":{"start":{"line":16,"column":0},"end":{"line":25,"column":1}},"11":{"start":{"line":17,"column":2},"end":{"line":17,"column":56}},"12":{"start":{"line":19,"column":2},"end":{"line":19,"column":24}},"13":{"start":{"line":20,"column":2},"end":{"line":23,"column":3}},"14":{"start":{"line":24,"column":2},"end":{"line":24,"column":17}},"15":{"start":{"line":27,"column":0},"end":{"line":27,"column":35}},"16":{"start":{"line":28,"column":0},"end":{"line":28,"column":30}},"17":{"start":{"line":29,"column":0},"end":{"line":29,"column":19}},"18":{"start":{"line":31,"column":0},"end":{"line":31,"column":65}},"19":{"start":{"line":32,"column":0},"end":{"line":32,"column":10}},"20":{"start":{"line":34,"column":0},"end":{"line":36,"column":1}},"21":{"start":{"line":35,"column":2},"end":{"line":35,"column":21}},"22":{"start":{"line":38,"column":0},"end":{"line":51,"column":1}},"23":{"start":{"line":39,"column":2},"end":{"line":42,"column":3}},"24":{"start":{"line":44,"column":2},"end":{"line":46,"column":3}},"25":{"start":{"line":45,"column":4},"end":{"line":45,"column":30}},"26":{"start":{"line":48,"column":2},"end":{"line":48,"column":41}},"27":{"start":{"line":50,"column":2},"end":{"line":50,"column":28}},"28":{"start":{"line":53,"column":0},"end":{"line":53,"column":30}},"29":{"start":{"line":55,"column":0},"end":{"line":65,"column":1}},"30":{"start":{"line":56,"column":2},"end":{"line":58,"column":3}},"31":{"start":{"line":57,"column":4},"end":{"line":57,"column":45}},"32":{"start":{"line":59,"column":2},"end":{"line":64,"column":4}},"33":{"start":{"line":60,"column":4},"end":{"line":60,"column":77}},"34":{"start":{"line":61,"column":4},"end":{"line":63,"column":13}},"35":{"start":{"line":62,"column":6},"end":{"line":62,"column":12}},"36":{"start":{"line":67,"column":0},"end":{"line":71,"column":1}},"37":{"start":{"line":68,"column":2},"end":{"line":70,"column":5}},"38":{"start":{"line":73,"column":0},"end":{"line":73,"column":66}},"39":{"start":{"line":75,"column":0},"end":{"line":77,"column":1}},"40":{"start":{"line":76,"column":2},"end":{"line":76,"column":54}},"41":{"start":{"line":79,"column":0},"end":{"line":89,"column":1}},"42":{"start":{"line":80,"column":2},"end":{"line":86,"column":3}},"43":{"start":{"line":81,"column":4},"end":{"line":81,"column":50}},"44":{"start":{"line":82,"column":4},"end":{"line":82,"column":61}},"45":{"start":{"line":83,"column":4},"end":{"line":83,"column":62}},"46":{"start":{"line":85,"column":4},"end":{"line":85,"column":10}},"47":{"start":{"line":87,"column":2},"end":{"line":87,"column":27}},"48":{"start":{"line":88,"column":2},"end":{"line":88,"column":51}},"49":{"start":{"line":91,"column":0},"end":{"line":99,"column":2}},"50":{"start":{"line":92,"column":2},"end":{"line":95,"column":3}},"51":{"start":{"line":93,"column":4},"end":{"line":93,"column":22}},"52":{"start":{"line":94,"column":4},"end":{"line":94,"column":10}},"53":{"start":{"line":97,"column":2},"end":{"line":97,"column":41}},"54":{"start":{"line":98,"column":2},"end":{"line":98,"column":99}}},"branchMap":{"1":{"line":14,"type":"binary-expr","locations":[{"start":{"line":14,"column":17},"end":{"line":14,"column":32}},{"start":{"line":14,"column":36},"end":{"line":14,"column":55}}]},"2":{"line":31,"type":"cond-expr","locations":[{"start":{"line":31,"column":35},"end":{"line":31,"column":42}},{"start":{"line":31,"column":45},"end":{"line":31,"column":51}}]},"3":{"line":34,"type":"if","locations":[{"start":{"line":34,"column":0},"end":{"line":34,"column":0}},{"start":{"line":34,"column":0},"end":{"line":34,"column":0}}]},"4":{"line":38,"type":"if","locations":[{"start":{"line":38,"column":0},"end":{"line":38,"column":0}},{"start":{"line":38,"column":0},"end":{"line":38,"column":0}}]},"5":{"line":44,"type":"if","locations":[{"start":{"line":44,"column":2},"end":{"line":44,"column":2}},{"start":{"line":44,"column":2},"end":{"line":44,"column":2}}]},"6":{"line":55,"type":"if","locations":[{"start":{"line":55,"column":0},"end":{"line":55,"column":0}},{"start":{"line":55,"column":0},"end":{"line":55,"column":0}}]},"7":{"line":56,"type":"if","locations":[{"start":{"line":56,"column":2},"end":{"line":56,"column":2}},{"start":{"line":56,"column":2},"end":{"line":56,"column":2}}]},"8":{"line":67,"type":"if","locations":[{"start":{"line":67,"column":0},"end":{"line":67,"column":0}},{"start":{"line":67,"column":0},"end":{"line":67,"column":0}}]},"9":{"line":75,"type":"if","locations":[{"start":{"line":75,"column":0},"end":{"line":75,"column":0}},{"start":{"line":75,"column":0},"end":{"line":75,"column":0}}]},"10":{"line":79,"type":"if","locations":[{"start":{"line":79,"column":0},"end":{"line":79,"column":0}},{"start":{"line":79,"column":0},"end":{"line":79,"column":0}}]},"11":{"line":92,"type":"if","locations":[{"start":{"line":92,"column":2},"end":{"line":92,"column":2}},{"start":{"line":92,"column":2},"end":{"line":92,"column":2}}]},"12":{"line":97,"type":"cond-expr","locations":[{"start":{"line":97,"column":25},"end":{"line":97,"column":32}},{"start":{"line":97,"column":35},"end":{"line":97,"column":41}}]}},"code":["//#!/usr/bin/env node","","// Based on","// https://github.com/gaearon/react-transform-boilerplate/blob/master/devServer.js","","var fs = require('fs')","var path = require('path')","var express = require('express')","var webpack = require('webpack')","var assign = require('lodash.assign')","var compress = require('compression')","var httpProxyMiddleware = require('http-proxy-middleware')","","var configFile = process.argv[2] || 'webpack.config.js'","var config","try {","  config = require(path.join(process.cwd(), configFile))","} catch (e) {","  console.error(e.stack)","  console.error(","    'Failed to load webpack config, please use like this\\n' +","    'hjs-dev-server.js webpack.config.js\\n'","  )","  process.exit(1)","}","","var serverConfig = config.devServer","var https = serverConfig.https","var app = express()","","var createServer = require(https ? 'https' : 'http').createServer","var server","","if (serverConfig.compress) {","  app.use(compress())","}","","if (https) {","  var httpsConfig = {","    key: fs.readFileSync(path.resolve(__dirname, '../resources/hjs-webpack-localhost.key')),","    cert: fs.readFileSync(path.resolve(__dirname, '../resources/hjs-webpack-localhost.crt'))","  }","","  if (typeof https === 'object') {","    assign(httpsConfig, https)","  }","","  server = createServer(httpsConfig, app)","} else {","  server = createServer(app)","}","","var compiler = webpack(config)","","if (serverConfig.proxy) {","  if (!Array.isArray(serverConfig.proxy)) {","    serverConfig.proxy = [serverConfig.proxy]","  }","  serverConfig.proxy.forEach(function (proxyConfig) {","    var proxy = httpProxyMiddleware(proxyConfig.context, proxyConfig.options)","    app.use(function (req, res, next) {","      next()","    }, proxy)","  })","}","","if (serverConfig.historyApiFallback) {","  app.use(require('connect-history-api-fallback')({","    verbose: false","  }))","}","","app.use(require('webpack-dev-middleware')(compiler, serverConfig))","","if (serverConfig.hot) {","  app.use(require('webpack-hot-middleware')(compiler))","}","","if (serverConfig.contentBase) {","  var allowCrossDomain = function (req, res, next) {","    res.header('Access-Control-Allow-Origin', '*')","    res.header('Access-Control-Allow-Methods', 'GET,OPTIONS')","    res.header('Access-Control-Allow-Headers', 'Content-Type')","","    next()","  }","  app.use(allowCrossDomain)","  app.use(express.static(serverConfig.contentBase))","}","","server.listen(serverConfig.port, serverConfig.hostname, function (err) {","  if (err) {","    console.error(err)","    return","  }","","  var protocol = https ? 'https' : 'http'","  console.log('Listening at ' + protocol + '://' + serverConfig.hostname + ':' + serverConfig.port)","})",""],"l":{"6":2,"7":2,"8":2,"9":2,"10":2,"11":2,"12":2,"14":2,"15":2,"16":2,"17":2,"19":2,"20":2,"24":2,"27":2,"28":0,"29":0,"31":0,"32":0,"34":0,"35":0,"38":0,"39":0,"44":0,"45":0,"48":0,"50":0,"53":0,"55":0,"56":0,"57":0,"59":0,"60":0,"61":0,"62":0,"67":0,"68":0,"73":0,"75":0,"76":0,"79":0,"80":0,"81":0,"82":0,"83":0,"85":0,"87":0,"88":0,"91":0,"92":0,"93":0,"94":0,"97":0,"98":0}}}